2021-02-02 17:06:22,794 [INFO] Activator:178 - 


2021-02-02 17:06:22,799 [INFO] Activator:179 - !SESSION log4j initialized
2021-02-02 17:06:32,939 [INFO] RetryExec:97 - I/O exception (org.apache.http.NoHttpResponseException) caught when processing request to {s}->https://download.eclipse.org:443: The target server failed to respond
2021-02-02 17:06:32,944 [INFO] RetryExec:113 - Retrying request to {s}->https://download.eclipse.org:443
2021-02-02 17:06:36,509 [INFO] ApplicationProperties:181 - Using Application install path: C:\ST\STM32CubeIDE_1.4.0\STM32CubeIDE\plugins\com.st.stm32cube.common.mx_6.0.1.202008101643
2021-02-02 17:06:36,861 [INFO] DbMcusXml:70 - Set database path to: C:\ST\STM32CubeIDE_1.4.0\STM32CubeIDE\plugins\com.st.stm32cube.common.mx_6.0.1.202008101643\\db\/mcu/
2021-02-02 17:06:36,869 [INFO] DbBoardsPdsc:56 - Set plugin database path to: C:\ST\STM32CubeIDE_1.4.0\STM32CubeIDE\plugins\com.st.stm32cube.common.mx_6.0.1.202008101643\\db\/plugins/boardmanager/
2021-02-02 17:06:36,870 [INFO] DbMcus:258 - Set plugin images path to: C:\ST\STM32CubeIDE_1.4.0\STM32CubeIDE\plugins\com.st.stm32cube.common.mx_6.0.1.202008101643\\db\/plugins/mcufinder/images/
2021-02-02 17:06:36,872 [INFO] DbBoards:264 - Set plugin images path to: C:\ST\STM32CubeIDE_1.4.0\STM32CubeIDE\plugins\com.st.stm32cube.common.mx_6.0.1.202008101643\\db\/plugins/mcufinder/images/
2021-02-02 17:06:36,877 [INFO] DbExamples:326 - Set plugin images path to: C:\ST\STM32CubeIDE_1.4.0\STM32CubeIDE\plugins\com.st.stm32cube.common.mx_6.0.1.202008101643\\db\/plugins/mcufinder/images/
2021-02-02 17:06:36,892 [INFO] DbMcusDocs:112 - Set database path to: C:\Users\Михаил\.stmcufinder\plugins\mcufinder//mcu/
2021-02-02 17:06:36,897 [INFO] DbMcusJson:63 - Set database path to: C:\Users\Михаил\.stmcufinder\plugins\mcufinder//mcu/
2021-02-02 17:06:36,900 [INFO] DbBoardsDocs:112 - Set database path to: C:\Users\Михаил\.stmcufinder\plugins\mcufinder//mcu/
2021-02-02 17:06:36,907 [INFO] DbBoardsJson:56 - Set database path to: C:\Users\Михаил\.stmcufinder\plugins\mcufinder//mcu/
2021-02-02 17:06:37,068 [INFO] CrossReferenceDbSqlite:196 - Set database path to: C:\Users\Михаил\.stmcufinder\plugins\mcufinder//mcu/cs/
2021-02-02 17:06:37,078 [INFO] DbExamplesSqlite:800 - Set database path to: C:\Users\Михаил\.stmcufinder\plugins\mcufinder//mcu/
2021-02-02 17:06:37,394 [INFO] RulesReader:52 - Compatibility file has been processed (209 Rules)
2021-02-02 17:06:37,971 [INFO] MicroXplorer:564 - Detected Java Version = 1.8.0_252
2021-02-02 17:06:37,972 [INFO] DbMcusXml:70 - Set database path to: C:\ST\STM32CubeIDE_1.4.0\STM32CubeIDE\plugins\com.st.stm32cube.common.mx_6.0.1.202008101643\\db\/mcu/
2021-02-02 17:06:37,972 [INFO] DbBoardsPdsc:56 - Set plugin database path to: C:\ST\STM32CubeIDE_1.4.0\STM32CubeIDE\plugins\com.st.stm32cube.common.mx_6.0.1.202008101643\\db\/plugins/boardmanager/
2021-02-02 17:06:37,977 [INFO] DbMcus:258 - Set plugin images path to: C:\ST\STM32CubeIDE_1.4.0\STM32CubeIDE\plugins\com.st.stm32cube.common.mx_6.0.1.202008101643\\db\/plugins/mcufinder/images/
2021-02-02 17:06:37,978 [INFO] DbBoards:264 - Set plugin images path to: C:\ST\STM32CubeIDE_1.4.0\STM32CubeIDE\plugins\com.st.stm32cube.common.mx_6.0.1.202008101643\\db\/plugins/mcufinder/images/
2021-02-02 17:06:37,979 [INFO] DbExamples:326 - Set plugin images path to: C:\ST\STM32CubeIDE_1.4.0\STM32CubeIDE\plugins\com.st.stm32cube.common.mx_6.0.1.202008101643\\db\/plugins/mcufinder/images/
2021-02-02 17:06:37,980 [WARN] DbFile:36 - Overriding database path with different value: C:\Users\Михаил\.stmcufinder\plugins\mcufinder/ => C:\Users\Михаил\.stmcufinder\plugins\mcufinder
2021-02-02 17:06:37,980 [INFO] DbMcusDocs:112 - Set database path to: C:\Users\Михаил\.stmcufinder\plugins\mcufinder//mcu/
2021-02-02 17:06:37,981 [WARN] DbFile:36 - Overriding database path with different value: C:\Users\Михаил\.stmcufinder\plugins\mcufinder/ => C:\Users\Михаил\.stmcufinder\plugins\mcufinder
2021-02-02 17:06:37,981 [INFO] DbMcusJson:63 - Set database path to: C:\Users\Михаил\.stmcufinder\plugins\mcufinder//mcu/
2021-02-02 17:06:37,981 [WARN] DbFile:36 - Overriding database path with different value: C:\Users\Михаил\.stmcufinder\plugins\mcufinder/ => C:\Users\Михаил\.stmcufinder\plugins\mcufinder
2021-02-02 17:06:37,982 [INFO] DbBoardsDocs:112 - Set database path to: C:\Users\Михаил\.stmcufinder\plugins\mcufinder//mcu/
2021-02-02 17:06:37,983 [WARN] DbFile:36 - Overriding database path with different value: C:\Users\Михаил\.stmcufinder\plugins\mcufinder/ => C:\Users\Михаил\.stmcufinder\plugins\mcufinder
2021-02-02 17:06:37,983 [INFO] DbBoardsJson:56 - Set database path to: C:\Users\Михаил\.stmcufinder\plugins\mcufinder//mcu/
2021-02-02 17:06:37,984 [WARN] DbFile:36 - Overriding database path with different value: C:\Users\Михаил\.stmcufinder\plugins\mcufinder/ => C:\Users\Михаил\.stmcufinder\plugins\mcufinder
2021-02-02 17:06:37,984 [WARN] DbFile:36 - Overriding database path with different value: C:\Users\Михаил\.stmcufinder\plugins\mcufinder/ => C:\Users\Михаил\.stmcufinder\plugins\mcufinder
2021-02-02 17:06:37,984 [INFO] CrossReferenceDbSqlite:196 - Set database path to: C:\Users\Михаил\.stmcufinder\plugins\mcufinder//mcu/cs/
2021-02-02 17:06:37,999 [WARN] DbFile:36 - Overriding database path with different value: C:\Users\Михаил\.stmcufinder\plugins\mcufinder/ => C:\Users\Михаил\.stmcufinder\plugins\mcufinder
2021-02-02 17:06:37,999 [INFO] DbExamplesSqlite:800 - Set database path to: C:\Users\Михаил\.stmcufinder\plugins\mcufinder//mcu/
2021-02-02 17:06:38,258 [INFO] MainPanel:189 - HeapMemory: 268435456
2021-02-02 17:06:38,798 [INFO] DbMcusXml:70 - Set database path to: C:\ST\STM32CubeIDE_1.4.0\STM32CubeIDE\plugins\com.st.stm32cube.common.mx_6.0.1.202008101643\\db\/mcu/
2021-02-02 17:06:38,799 [INFO] DbBoardsPdsc:56 - Set plugin database path to: C:\ST\STM32CubeIDE_1.4.0\STM32CubeIDE\plugins\com.st.stm32cube.common.mx_6.0.1.202008101643\\db\/plugins/boardmanager/
2021-02-02 17:06:38,800 [INFO] DbMcus:258 - Set plugin images path to: C:\ST\STM32CubeIDE_1.4.0\STM32CubeIDE\plugins\com.st.stm32cube.common.mx_6.0.1.202008101643\\db\/plugins/mcufinder/images/
2021-02-02 17:06:38,801 [INFO] DbBoards:264 - Set plugin images path to: C:\ST\STM32CubeIDE_1.4.0\STM32CubeIDE\plugins\com.st.stm32cube.common.mx_6.0.1.202008101643\\db\/plugins/mcufinder/images/
2021-02-02 17:06:38,801 [INFO] DbExamples:326 - Set plugin images path to: C:\ST\STM32CubeIDE_1.4.0\STM32CubeIDE\plugins\com.st.stm32cube.common.mx_6.0.1.202008101643\\db\/plugins/mcufinder/images/
2021-02-02 17:06:38,802 [WARN] DbFile:36 - Overriding database path with different value: C:\Users\Михаил\.stmcufinder\plugins\mcufinder/ => C:\Users\Михаил\.stmcufinder\plugins\mcufinder
2021-02-02 17:06:38,803 [INFO] DbMcusDocs:112 - Set database path to: C:\Users\Михаил\.stmcufinder\plugins\mcufinder//mcu/
2021-02-02 17:06:38,803 [WARN] DbFile:36 - Overriding database path with different value: C:\Users\Михаил\.stmcufinder\plugins\mcufinder/ => C:\Users\Михаил\.stmcufinder\plugins\mcufinder
2021-02-02 17:06:38,803 [INFO] DbMcusJson:63 - Set database path to: C:\Users\Михаил\.stmcufinder\plugins\mcufinder//mcu/
2021-02-02 17:06:38,804 [WARN] DbFile:36 - Overriding database path with different value: C:\Users\Михаил\.stmcufinder\plugins\mcufinder/ => C:\Users\Михаил\.stmcufinder\plugins\mcufinder
2021-02-02 17:06:38,804 [INFO] DbBoardsDocs:112 - Set database path to: C:\Users\Михаил\.stmcufinder\plugins\mcufinder//mcu/
2021-02-02 17:06:38,805 [WARN] DbFile:36 - Overriding database path with different value: C:\Users\Михаил\.stmcufinder\plugins\mcufinder/ => C:\Users\Михаил\.stmcufinder\plugins\mcufinder
2021-02-02 17:06:38,805 [INFO] DbBoardsJson:56 - Set database path to: C:\Users\Михаил\.stmcufinder\plugins\mcufinder//mcu/
2021-02-02 17:06:38,806 [WARN] DbFile:36 - Overriding database path with different value: C:\Users\Михаил\.stmcufinder\plugins\mcufinder/ => C:\Users\Михаил\.stmcufinder\plugins\mcufinder
2021-02-02 17:06:38,806 [WARN] DbFile:36 - Overriding database path with different value: C:\Users\Михаил\.stmcufinder\plugins\mcufinder/ => C:\Users\Михаил\.stmcufinder\plugins\mcufinder
2021-02-02 17:06:38,808 [INFO] CrossReferenceDbSqlite:196 - Set database path to: C:\Users\Михаил\.stmcufinder\plugins\mcufinder//mcu/cs/
2021-02-02 17:06:38,808 [WARN] DbFile:36 - Overriding database path with different value: C:\Users\Михаил\.stmcufinder\plugins\mcufinder/ => C:\Users\Михаил\.stmcufinder\plugins\mcufinder
2021-02-02 17:06:38,809 [INFO] DbExamplesSqlite:800 - Set database path to: C:\Users\Михаил\.stmcufinder\plugins\mcufinder//mcu/
2021-02-02 17:06:38,886 [INFO] ApplicationProperties:181 - Using Application install path: C:\ST\STM32CubeIDE_1.4.0\STM32CubeIDE\plugins\com.st.stm32cube.common.mx_6.0.1.202008101643
2021-02-02 17:06:38,891 [INFO] PluginManage:178 - Search for loadable plugins [exclusion list=, ]
2021-02-02 17:06:38,894 [INFO] PluginManage:292 - Check plugin analytics
2021-02-02 17:06:39,639 [INFO] AnalyticsPlugin:203 - Accepted Software Licenses: 
2021-02-02 17:06:39,640 [INFO] AnalyticsPlugin:205 - Accepted CMSIS Pack Licenses: 
2021-02-02 17:06:39,641 [INFO] AnalyticsPlugin:207 - Accepted Firmware Licenses: 
2021-02-02 17:06:39,641 [INFO] PluginManage:342 - Loaded plugin analytics (category:tool,tabindex:-1)
2021-02-02 17:06:39,642 [INFO] PluginManage:292 - Check plugin clock
2021-02-02 17:06:39,719 [INFO] PluginManage:342 - Loaded plugin clock (category:base,tabindex:2)
2021-02-02 17:06:39,720 [INFO] PluginManage:292 - Check plugin ddr
2021-02-02 17:06:39,724 [INFO] PluginManage:342 - Loaded plugin ddr (category:tool,tabindex:6)
2021-02-02 17:06:39,725 [INFO] PluginManage:292 - Check plugin filemanager
2021-02-02 17:06:40,016 [INFO] PluginManage:342 - Loaded plugin filemanager (category:base,tabindex:10)
2021-02-02 17:06:40,018 [INFO] PluginManage:292 - Check plugin ipmanager
2021-02-02 17:06:40,043 [INFO] PluginManage:342 - Loaded plugin ipmanager (category:base,tabindex:5)
2021-02-02 17:06:40,043 [INFO] PluginManage:292 - Check plugin pinoutandconfiguration
2021-02-02 17:06:40,065 [INFO] PluginManage:342 - Loaded plugin pinoutandconfiguration (category:base,tabindex:1)
2021-02-02 17:06:40,065 [INFO] PluginManage:292 - Check plugin pinoutconfig
2021-02-02 17:06:40,193 [INFO] PluginManage:342 - Loaded plugin pinoutconfig (category:base,tabindex:0)
2021-02-02 17:06:40,194 [INFO] PluginManage:292 - Check plugin power
2021-02-02 17:06:40,213 [INFO] PluginManage:342 - Loaded plugin power (category:power,tabindex:4)
2021-02-02 17:06:40,214 [INFO] PluginManage:292 - Check plugin projectmanager
2021-02-02 17:06:40,665 [INFO] PluginManage:342 - Loaded plugin projectmanager (category:projectmanager,tabindex:3)
2021-02-02 17:06:40,666 [INFO] PluginManage:292 - Check plugin thirdparty
2021-02-02 17:06:41,329 [INFO] ThirdPartyDb:333 - Open Third Party DataBase File (C:/Users/Михаил/.stm32cubemx/plugins/thirdparty/db/thirdparties_db.xml) : 147 ms. number of Sw pack : 38
2021-02-02 17:06:41,338 [INFO] PluginManage:342 - Loaded plugin thirdparty (category:base,tabindex:-1)
2021-02-02 17:06:41,339 [INFO] PluginManage:292 - Check plugin tools
2021-02-02 17:06:41,344 [INFO] PluginManage:342 - Loaded plugin tools (category:base,tabindex:7)
2021-02-02 17:06:41,344 [INFO] PluginManage:292 - Check plugin tutovideos
2021-02-02 17:06:42,052 [INFO] PluginManage:342 - Loaded plugin tutovideos (category:base,tabindex:-1)
2021-02-02 17:06:42,052 [INFO] PluginManage:292 - Check plugin updater
2021-02-02 17:06:42,094 [INFO] PluginManage:342 - Loaded plugin updater (category:base,tabindex:12)
2021-02-02 17:06:42,095 [INFO] PluginManage:265 - PluginManage : Loaded plugins [13]
2021-02-02 17:06:43,377 [INFO] PinOutPanel:1418 - setPackage(No Configuration,No Configuration)
2021-02-02 17:06:43,583 [INFO] IPUIPlugin:64 - create IPUIPlugin
2021-02-02 17:06:43,583 [INFO] PluginManager:200 - loadIPPluginJar : add adc
2021-02-02 17:06:43,589 [INFO] IPUIPlugin:64 - create IPUIPlugin
2021-02-02 17:06:43,589 [INFO] PluginManager:200 - loadIPPluginJar : add aes
2021-02-02 17:06:43,595 [INFO] IPUIPlugin:64 - create IPUIPlugin
2021-02-02 17:06:43,595 [INFO] PluginManager:200 - loadIPPluginJar : add can
2021-02-02 17:06:43,599 [INFO] IPUIPlugin:64 - create IPUIPlugin
2021-02-02 17:06:43,599 [INFO] PluginManager:200 - loadIPPluginJar : add comp
2021-02-02 17:06:43,605 [INFO] IPUIPlugin:64 - create IPUIPlugin
2021-02-02 17:06:43,607 [INFO] PluginManager:200 - loadIPPluginJar : add cryp
2021-02-02 17:06:43,612 [INFO] IPUIPlugin:64 - create IPUIPlugin
2021-02-02 17:06:43,613 [INFO] PluginManager:200 - loadIPPluginJar : add dfsdm
2021-02-02 17:06:43,624 [INFO] IPUIPlugin:64 - create IPUIPlugin
2021-02-02 17:06:43,626 [INFO] PluginManager:200 - loadIPPluginJar : add dma
2021-02-02 17:06:43,634 [INFO] IPUIPlugin:64 - create IPUIPlugin
2021-02-02 17:06:43,635 [INFO] PluginManager:200 - loadIPPluginJar : add fatfs
2021-02-02 17:06:43,648 [INFO] IPUIPlugin:64 - create IPUIPlugin
2021-02-02 17:06:43,649 [INFO] PluginManager:200 - loadIPPluginJar : add fmc
2021-02-02 17:06:43,663 [INFO] IPUIPlugin:64 - create IPUIPlugin
2021-02-02 17:06:43,664 [INFO] PluginManager:200 - loadIPPluginJar : add freertos
2021-02-02 17:06:43,668 [INFO] IPUIPlugin:64 - create IPUIPlugin
2021-02-02 17:06:43,668 [INFO] PluginManager:200 - loadIPPluginJar : add genericplugin
2021-02-02 17:06:43,672 [INFO] IPUIPlugin:64 - create IPUIPlugin
2021-02-02 17:06:43,673 [INFO] PluginManager:200 - loadIPPluginJar : add gfxmmu
2021-02-02 17:06:43,684 [INFO] IPUIPlugin:64 - create IPUIPlugin
2021-02-02 17:06:43,684 [INFO] PluginManager:200 - loadIPPluginJar : add gic
2021-02-02 17:06:43,692 [INFO] IPUIPlugin:64 - create IPUIPlugin
2021-02-02 17:06:43,694 [INFO] PluginManager:200 - loadIPPluginJar : add gpio
2021-02-02 17:06:43,699 [INFO] IPUIPlugin:64 - create IPUIPlugin
2021-02-02 17:06:43,705 [INFO] PluginManager:200 - loadIPPluginJar : add gtzc
2021-02-02 17:06:43,719 [INFO] IPUIPlugin:64 - create IPUIPlugin
2021-02-02 17:06:43,720 [INFO] PluginManager:200 - loadIPPluginJar : add hash
2021-02-02 17:06:43,725 [INFO] IPUIPlugin:64 - create IPUIPlugin
2021-02-02 17:06:43,726 [INFO] PluginManager:200 - loadIPPluginJar : add i2c
2021-02-02 17:06:43,732 [INFO] IPUIPlugin:64 - create IPUIPlugin
2021-02-02 17:06:43,733 [INFO] PluginManager:200 - loadIPPluginJar : add i2s
2021-02-02 17:06:43,738 [INFO] IPUIPlugin:64 - create IPUIPlugin
2021-02-02 17:06:43,739 [INFO] PluginManager:200 - loadIPPluginJar : add ipddr
2021-02-02 17:06:43,742 [INFO] IPUIPlugin:64 - create IPUIPlugin
2021-02-02 17:06:43,743 [INFO] PluginManager:200 - loadIPPluginJar : add ltdc
2021-02-02 17:06:43,752 [INFO] IPUIPlugin:64 - create IPUIPlugin
2021-02-02 17:06:43,753 [INFO] PluginManager:200 - loadIPPluginJar : add mdma
2021-02-02 17:06:43,760 [INFO] IPUIPlugin:64 - create IPUIPlugin
2021-02-02 17:06:43,763 [INFO] PluginManager:200 - loadIPPluginJar : add nvic
2021-02-02 17:06:43,768 [INFO] IPUIPlugin:64 - create IPUIPlugin
2021-02-02 17:06:43,769 [INFO] PluginManager:200 - loadIPPluginJar : add opamp
2021-02-02 17:06:43,775 [INFO] IPUIPlugin:64 - create IPUIPlugin
2021-02-02 17:06:43,777 [INFO] PluginManager:200 - loadIPPluginJar : add openamp
2021-02-02 17:06:43,783 [INFO] IPUIPlugin:64 - create IPUIPlugin
2021-02-02 17:06:43,783 [INFO] PluginManager:200 - loadIPPluginJar : add pdm2pcm
2021-02-02 17:06:43,796 [INFO] IPUIPlugin:64 - create IPUIPlugin
2021-02-02 17:06:43,803 [INFO] PluginManager:200 - loadIPPluginJar : add plateformsettings
2021-02-02 17:06:43,807 [INFO] IPUIPlugin:64 - create IPUIPlugin
2021-02-02 17:06:43,810 [INFO] PluginManager:200 - loadIPPluginJar : add quadspi
2021-02-02 17:06:43,816 [INFO] IPUIPlugin:64 - create IPUIPlugin
2021-02-02 17:06:43,817 [INFO] PluginManager:200 - loadIPPluginJar : add resmgrutility
2021-02-02 17:06:43,823 [INFO] IPUIPlugin:64 - create IPUIPlugin
2021-02-02 17:06:43,823 [INFO] PluginManager:200 - loadIPPluginJar : add sai
2021-02-02 17:06:43,828 [INFO] IPUIPlugin:64 - create IPUIPlugin
2021-02-02 17:06:43,829 [INFO] PluginManager:200 - loadIPPluginJar : add spi
2021-02-02 17:06:43,836 [INFO] IPUIPlugin:64 - create IPUIPlugin
2021-02-02 17:06:43,837 [INFO] PluginManager:200 - loadIPPluginJar : add stm32_wpan
2021-02-02 17:06:43,841 [INFO] IPUIPlugin:64 - create IPUIPlugin
2021-02-02 17:06:43,841 [INFO] PluginManager:200 - loadIPPluginJar : add tim
2021-02-02 17:06:43,849 [INFO] IPUIPlugin:64 - create IPUIPlugin
2021-02-02 17:06:43,849 [INFO] PluginManager:200 - loadIPPluginJar : add touchsensing
2021-02-02 17:06:43,855 [INFO] IPUIPlugin:64 - create IPUIPlugin
2021-02-02 17:06:43,856 [INFO] PluginManager:200 - loadIPPluginJar : add tracer_emb
2021-02-02 17:06:43,860 [INFO] IPUIPlugin:64 - create IPUIPlugin
2021-02-02 17:06:43,860 [INFO] PluginManager:200 - loadIPPluginJar : add ts
2021-02-02 17:06:43,864 [INFO] IPUIPlugin:64 - create IPUIPlugin
2021-02-02 17:06:43,864 [INFO] PluginManager:200 - loadIPPluginJar : add tsc
2021-02-02 17:06:43,868 [INFO] IPUIPlugin:64 - create IPUIPlugin
2021-02-02 17:06:43,868 [INFO] PluginManager:200 - loadIPPluginJar : add ucpd
2021-02-02 17:06:43,876 [INFO] IPUIPlugin:64 - create IPUIPlugin
2021-02-02 17:06:43,876 [INFO] PluginManager:200 - loadIPPluginJar : add usart
2021-02-02 17:06:46,340 [INFO] CubeProgrammer:457 - [DDR PANEL] - PathOfProgrammer: null
2021-02-02 17:06:48,784 [FATAL] Updater:282 - Updater called before beeing initialized
2021-02-02 17:06:49,304 [FATAL] Updater:282 - Updater called before beeing initialized
2021-02-02 17:06:49,305 [WARN] ThirdParty:775 - waiting for thirdparty lock release [close project]
2021-02-02 17:06:49,306 [INFO] ThirdParty:777 - entering critical section [close project]
2021-02-02 17:06:49,308 [INFO] ThirdParty:790 - exiting critical section [close project]
2021-02-02 17:06:49,338 [INFO] PinOutPanel:1418 - setPackage(No Configuration,No Configuration)
2021-02-02 17:06:49,341 [FATAL] Updater:282 - Updater called before beeing initialized
2021-02-02 17:06:49,359 [ERROR] Updater:967 - MainUpdater not yet initialized. External WinMGr cannot be set.
2021-02-02 17:06:49,362 [INFO] CubeProgrammer:457 - [DDR PANEL] - PathOfProgrammer: C:\ST\STM32CubeIDE_1.4.0\STM32CubeIDE\plugins\com.st.stm32cube.ide.mcu.externaltools.cubeprogrammer.win32_1.4.0.202007081208\tools\bin
2021-02-02 17:06:49,373 [INFO] ProgrammerExecThread:148 - [ProgrammerAPI] CubeProgrammer command construction: C:\ST\STM32CubeIDE_1.4.0\STM32CubeIDE\plugins\com.st.stm32cube.ide.mcu.externaltools.cubeprogrammer.win32_1.4.0.202007081208\tools\bin\STM32_Programmer_CLI.exe -l
2021-02-02 17:06:52,775 [INFO] MainDdrPanel:49 - [DDR PANEL] SETTER - Set cubeProgrammerPath to: C:\ST\STM32CubeIDE_1.4.0\STM32CubeIDE\plugins\com.st.stm32cube.ide.mcu.externaltools.cubeprogrammer.win32_1.4.0.202007081208\tools\bin
2021-02-02 17:06:52,814 [INFO] Updater:904 - Updater Version found : 6.0.1
2021-02-02 17:06:52,889 [INFO] ApplicationProperties:181 - Using Application install path: C:\ST\STM32CubeIDE_1.4.0\STM32CubeIDE\plugins\com.st.stm32cube.common.mx_6.0.1.202008101643
2021-02-02 17:06:54,222 [INFO] MainUpdater:2268 - connection check result : 10
2021-02-02 17:06:54,223 [INFO] MainUpdater:239 - Updater Check For Update Now.
2021-02-02 17:06:54,225 [INFO] MicroXplorer:414 - Change Database Version : DB.6.0.0
2021-02-02 17:06:54,571 [INFO] CheckServerUpdateThread:102 - End of CheckServer Thread
2021-02-02 17:06:54,662 [INFO] MainUpdater:2268 - connection check result : 10
2021-02-02 17:06:55,620 [INFO] McuFinderGlobals:40 - Set McuFinder mode to 2 (CubeIDE integrated)
2021-02-02 17:06:56,408 [INFO] CrossSelectorPresenter:1330 - Cross Selector saved comparison directory: C:\Users\Михаил\.stmcufinder\plugins\mcufinder\mcu\cs_comparisons_mx
2021-02-02 17:06:56,421 [INFO] MultiScanPanel:193 - Auto-refresh data requested => check proxy status ongoing
2021-02-02 17:06:56,426 [INFO] FinderPluginLoader:87 - Searching for filters in installed packs
2021-02-02 17:06:56,429 [INFO] DbMcusXml:100 - Load MCU database from C:\ST\STM32CubeIDE_1.4.0\STM32CubeIDE\plugins\com.st.stm32cube.common.mx_6.0.1.202008101643\\db\/mcu/families.xml
2021-02-02 17:06:56,695 [WARN] IntegrityCheckThread:61 - waiting for thirdparty lock release [integrity check]
2021-02-02 17:06:56,695 [INFO] IntegrityCheckThread:63 - entering critical section [integrity check]
2021-02-02 17:06:58,678 [INFO] ThirdPartyDb:299 - Save Third Party DataBase File (C:/Users/Михаил/.stm32cubemx/plugins/thirdparty/db/thirdparties_db.xml) [forced]
2021-02-02 17:06:58,915 [INFO] ThirdPartyDb:299 - Save Third Party DataBase File (C:/Users/Михаил/.stm32cubemx/plugins/thirdparty/db/thirdparties_db.xml) [forced]
2021-02-02 17:06:59,039 [INFO] IntegrityCheckThread:76 - exiting critical section [integrity check]
2021-02-02 17:06:59,040 [INFO] IntegrityCheckThread:79 - End integrity checks thread
2021-02-02 17:07:02,884 [INFO] DbMcusJson:92 - JSON generation date=Wed Jan 20 14:17:20 GMT+05:00 2021 (1611134240)
2021-02-02 17:07:05,814 [INFO] DbMcus:175 - Found 1761 MCUs (1722 are supported by CubeMX, 1752 are visible in CubeMX)
2021-02-02 17:07:05,815 [INFO] ApiDb:201 - Load user favorites file C:\Users\Михаил/.stm32cubeide/favorites.mcus.txt: 0 item(s)
2021-02-02 17:07:05,815 [INFO] ApiDb:205 - User favorites MCUs=[]
2021-02-02 17:07:05,816 [INFO] DbMcus:187 - Set 0 / 0 favorites MCUs
2021-02-02 17:07:07,525 [INFO] LoadUrlFilesThread:162 - End of LoadServerUrlFiles without Thread
2021-02-02 17:07:07,649 [INFO] DetailPanel:331 - Set advertising image to C:/Users/Михаил/STM32Cube/Repository/\stm32cubemx-promo_image.jpg
2021-02-02 17:07:08,850 [INFO] McuFilterPanel:245 - Update 0 favorites MCUs
2021-02-02 17:07:09,313 [INFO] DbBoardsPdsc:94 - Found 23 items
2021-02-02 17:07:09,398 [INFO] DbBoardsPdsc:94 - Found 9 items
2021-02-02 17:07:09,418 [INFO] DbBoardsPdsc:94 - Found 29 items
2021-02-02 17:07:09,435 [INFO] DbBoardsPdsc:94 - Found 1 items
2021-02-02 17:07:09,468 [INFO] DbBoardsPdsc:94 - Found 44 items
2021-02-02 17:07:09,581 [INFO] DbBoardsPdsc:94 - Found 40 items
2021-02-02 17:07:09,644 [INFO] DbBoardsPdsc:94 - Found 2 items
2021-02-02 17:07:09,685 [INFO] DbBoardsPdsc:94 - Found 4 items
2021-02-02 17:07:09,705 [WARN] DbBoardsPdsc:258 - Board STM32H7B3I-DK: unknown feature type=Audio, name=, username=Audio stereo codec with Headphone Amp (CS42L51-CNZ), n=1
2021-02-02 17:07:09,706 [WARN] DbBoardsPdsc:258 - Board STM32H735G-DK: unknown feature type=Audio, name=, username=Audio stereo codec with Headphone Amp (WM8994ECS/R), n=1
2021-02-02 17:07:09,710 [WARN] DbBoardsPdsc:258 - Board STM32H7B3I-EVAL: unknown feature type=Audio, name=, username=Multi-Channel Audio Codec (CS42L51-CNZ), n=1
2021-02-02 17:07:09,710 [WARN] DbBoardsPdsc:258 - Board STM32H7B3I-EVAL: unknown feature type=Meter, name=, username=Power-metering and Temperature-monitoring with sigma-delta modulators, n=1
2021-02-02 17:07:09,711 [WARN] DbBoardsPdsc:258 - Board STM32H7B3I-EVAL: unknown feature type=Motor, name=, username=Motor Control, n=1
2021-02-02 17:07:09,823 [INFO] DbBoardsJson:85 - JSON generation date=Wed Jan 20 13:08:10 GMT+05:00 2021 (1611130090)
2021-02-02 17:07:09,846 [INFO] DbBoards:117 - Found 152 boards (149 are supported by CubeMX)
2021-02-02 17:07:09,965 [INFO] DbBoardsDocs:145 - JSON generation date=Wed Jan 20 14:17:20 GMT+05:00 2021 (1611134240)
2021-02-02 17:07:10,022 [INFO] DbBoardsDocs:81 - Found 190 boards documents
2021-02-02 17:07:10,023 [WARN] DbBoards:127 - board B-L462E-CELL1 has no document id list !
2021-02-02 17:07:10,023 [WARN] DbBoards:127 - board B-L475E-IOT01A2 has no document id list !
2021-02-02 17:07:10,091 [WARN] DbBoards:127 - board NUCLEO-G491RE has no document id list !
2021-02-02 17:07:10,093 [WARN] DbBoards:127 - board NUCLEO-H743ZI2 has no document id list !
2021-02-02 17:07:10,095 [WARN] DbBoards:127 - board NUCLEO-WB55RG has no document id list !
2021-02-02 17:07:10,095 [WARN] DbBoards:127 - board P-NUCLEO-WB55-Nucleo has no document id list !
2021-02-02 17:07:10,095 [WARN] DbBoards:127 - board P-NUCLEO-WB55-USBDongle has no document id list !
2021-02-02 17:07:10,096 [WARN] DbBoards:127 - board STEVAL-BFA001V1B has no document id list !
2021-02-02 17:07:10,096 [WARN] DbBoards:127 - board STEVAL-BFA001V2B has no document id list !
2021-02-02 17:07:10,096 [WARN] DbBoards:127 - board STEVAL-IDP005V1 has no document id list !
2021-02-02 17:07:10,096 [WARN] DbBoards:127 - board STEVAL-IDP005V2 has no document id list !
2021-02-02 17:07:10,096 [WARN] DbBoards:127 - board STEVAL-MKSBOX1V1 has no document id list !
2021-02-02 17:07:10,098 [WARN] DbBoards:127 - board STEVAL-STWINKT1 has no document id list !
2021-02-02 17:07:10,100 [WARN] DbBoards:127 - board STM32F401C-DISCO has no document id list !
2021-02-02 17:07:10,101 [WARN] DbBoards:127 - board STM32F769I-DISC1 has no document id list !
2021-02-02 17:07:10,102 [WARN] DbBoards:127 - board STM32G474E-EVAL1 has no document id list !
2021-02-02 17:07:10,103 [WARN] DbBoards:127 - board STM32H743I-EVAL2 has no document id list !
2021-02-02 17:07:10,103 [WARN] DbBoards:127 - board STM32H747I-DISC1 has no document id list !
2021-02-02 17:07:10,104 [WARN] DbBoards:127 - board STM32H753I-EVAL2 has no document id list !
2021-02-02 17:07:10,104 [WARN] DbBoards:127 - board STM32L-DISCOVERY has no document id list !
2021-02-02 17:07:10,105 [WARN] DbBoards:127 - board STM32MP157A-DK1 has no document id list !
2021-02-02 17:07:10,106 [WARN] DbBoards:127 - board STM32MP157F-EV1 has no document id list !
2021-02-02 17:07:10,399 [ERROR] DbBoards:192 - No image file URL for board B-L462E-CELL1
2021-02-02 17:07:14,336 [INFO] ApiDb:201 - Load user favorites file C:\Users\Михаил/.stm32cubeide/favorites.boards.txt: 0 item(s)
2021-02-02 17:07:14,337 [INFO] ApiDb:205 - User favorites Boards=[]
2021-02-02 17:07:14,337 [INFO] DbBoards:206 - Set 0 / 0 favorites Boards
2021-02-02 17:07:37,184 [INFO] DbMcusDocs:145 - JSON generation date=Wed Jan 20 14:17:20 GMT+05:00 2021 (1611134240)
2021-02-02 17:07:37,879 [INFO] DbMcusDocs:81 - Found 614 MCUs documents
2021-02-02 17:07:50,397 [INFO] LogOutputStream:76 - [STDOUT_REDIRECT] withoutVersionV1.11.2
2021-02-02 17:07:50,401 [INFO] LogOutputStream:76 - [STDOUT_REDIRECT] withoutVersionV1.11.1
2021-02-02 17:07:50,404 [INFO] LogOutputStream:76 - [STDOUT_REDIRECT] withoutVersionV1.11.0
2021-02-02 17:07:56,193 [INFO] MainUpdater:2268 - connection check result : 10
2021-02-02 17:07:56,194 [INFO] MainUpdater:2268 - connection check result : 10
2021-02-02 17:07:56,331 [INFO] MicroXplorer:384 - Change Database Path : 
2021-02-02 17:07:56,334 [INFO] MicroXplorer:414 - Change Database Version : DB.6.0.0
2021-02-02 17:07:56,334 [WARN] ThirdParty:775 - waiting for thirdparty lock release [close project]
2021-02-02 17:07:56,334 [INFO] ThirdParty:777 - entering critical section [close project]
2021-02-02 17:07:56,335 [INFO] ThirdParty:790 - exiting critical section [close project]
2021-02-02 17:07:56,620 [INFO] PinOutPanel:1418 - setPackage(No Configuration,No Configuration)
2021-02-02 17:07:56,621 [INFO] UtilMem:74 - Begin LoadConfig() Used Memory: 409856624 Bytes (801112064)
2021-02-02 17:07:56,622 [INFO] MicroXplorer:384 - Change Database Path : 
2021-02-02 17:07:56,623 [INFO] MicroXplorer:414 - Change Database Version : DB.6.0.0
2021-02-02 17:07:56,623 [INFO] OpenFileManager:274 - Change cursor
2021-02-02 17:08:02,961 [INFO] ImportTextPane:162 - (OptionalMessage_ERROR) Unable to find key (Mcu.ThirdPartyNb) in loaded IOC file
2021-02-02 17:08:02,962 [INFO] ImportTextPane:162 - (OptionalMessage_ERROR) Unable to find key (Mcu.PinsNb) in loaded IOC file
2021-02-02 17:08:02,962 [INFO] ImportTextPane:162 - (OptionalMessage_ERROR) Unable to find key (Mcu.IPNb) in loaded IOC file
2021-02-02 17:08:03,126 [WARN] ApiManager:274 - Cannot register API 'Board Extension:S2868A1' from pack STMicroelectronics.X-CUBE-SUBG2.3.0.1: no header file found
2021-02-02 17:08:03,127 [WARN] ApiManager:274 - Cannot register API 'Board Extension:S2868A2' from pack STMicroelectronics.X-CUBE-SUBG2.3.0.1: no header file found
2021-02-02 17:08:03,127 [WARN] ApiManager:274 - Cannot register API 'Board Extension:S2915A1' from pack STMicroelectronics.X-CUBE-SUBG2.3.0.1: no header file found
2021-02-02 17:08:03,170 [WARN] ApiManager:274 - Cannot register API 'Board Extension:S2868A1' from pack STMicroelectronics.X-CUBE-SUBG2.3.0.0: no header file found
2021-02-02 17:08:03,170 [WARN] ApiManager:274 - Cannot register API 'Board Extension:S2868A2' from pack STMicroelectronics.X-CUBE-SUBG2.3.0.0: no header file found
2021-02-02 17:08:03,170 [WARN] ApiManager:274 - Cannot register API 'Board Extension:S2915A1' from pack STMicroelectronics.X-CUBE-SUBG2.3.0.0: no header file found
2021-02-02 17:08:03,172 [WARN] ApiManager:274 - Cannot register API 'Board Extension:S2868A1' from pack STMicroelectronics.X-CUBE-SFXS2LP1.2.0.0: no header file found
2021-02-02 17:08:03,173 [WARN] ApiManager:274 - Cannot register API 'Board Extension:S2868A2' from pack STMicroelectronics.X-CUBE-SFXS2LP1.2.0.0: no header file found
2021-02-02 17:08:03,173 [WARN] ApiManager:274 - Cannot register API 'Board Extension:S2915A1' from pack STMicroelectronics.X-CUBE-SFXS2LP1.2.0.0: no header file found
2021-02-02 17:08:03,223 [INFO] DependencyParser:915 - This component is not compatible with the current MCU : [1600953791491, 1600953791493, 1600953791501]
2021-02-02 17:08:03,224 [INFO] ThirdPartyModel:556 - Component with status : MCU_INCOMPATIBLE for condition : IKS01A3 Accelerometer Calibration Condition id : 1600953781666
2021-02-02 17:08:03,225 [INFO] DependencyParser:915 - This component is not compatible with the current MCU : [1600953791491, 1600953791493, 1600953791501]
2021-02-02 17:08:03,225 [INFO] ThirdPartyModel:556 - Component with status : MCU_INCOMPATIBLE for condition : IKS01A3 Vertical Context Condition id : 1600953781716
2021-02-02 17:08:03,226 [INFO] DependencyParser:915 - This component is not compatible with the current MCU : [1600953791491, 1600953791493, 1600953791501]
2021-02-02 17:08:03,226 [INFO] ThirdPartyModel:556 - Component with status : MCU_INCOMPATIBLE for condition : IKS01A3 Carry Position Condition id : 1600953781734
2021-02-02 17:08:03,227 [INFO] DependencyParser:915 - This component is not compatible with the current MCU : [1600953791491, 1600953791493, 1600953791501]
2021-02-02 17:08:03,227 [INFO] ThirdPartyModel:556 - Component with status : MCU_INCOMPATIBLE for condition : IKS01A3 Gesture Recognition Condition id : 1600953781769
2021-02-02 17:08:03,228 [INFO] DependencyParser:915 - This component is not compatible with the current MCU : [1600953791491, 1600953791493, 1600953791501]
2021-02-02 17:08:03,228 [INFO] ThirdPartyModel:556 - Component with status : MCU_INCOMPATIBLE for condition : IKS01A3 Dynamic Inclinometer Condition id : 1600953781787
2021-02-02 17:08:03,228 [INFO] DependencyParser:915 - This component is not compatible with the current MCU : [1600953791491, 1600953791493, 1600953791501]
2021-02-02 17:08:03,229 [INFO] ThirdPartyModel:556 - Component with status : MCU_INCOMPATIBLE for condition : IKS01A3 Airplane Detection Condition id : 1600953781805
2021-02-02 17:08:03,232 [INFO] DependencyParser:915 - This component is not compatible with the current MCU : [1600953791491, 1600953791493, 1600953791501]
2021-02-02 17:08:03,232 [INFO] ThirdPartyModel:556 - Component with status : MCU_INCOMPATIBLE for condition : IKS01A2 Accelerometer Calibration Condition id : 1600953782053
2021-02-02 17:08:03,233 [INFO] DependencyParser:915 - This component is not compatible with the current MCU : [1600953791491, 1600953791493, 1600953791501]
2021-02-02 17:08:03,233 [INFO] ThirdPartyModel:556 - Component with status : MCU_INCOMPATIBLE for condition : IKS01A2 Vertical Context Condition id : 1600953782103
2021-02-02 17:08:03,234 [INFO] DependencyParser:915 - This component is not compatible with the current MCU : [1600953791491, 1600953791493, 1600953791501]
2021-02-02 17:08:03,234 [INFO] ThirdPartyModel:556 - Component with status : MCU_INCOMPATIBLE for condition : IKS01A2 Carry Position Condition id : 1600953782121
2021-02-02 17:08:03,235 [INFO] DependencyParser:915 - This component is not compatible with the current MCU : [1600953791491, 1600953791493, 1600953791501]
2021-02-02 17:08:03,235 [INFO] ThirdPartyModel:556 - Component with status : MCU_INCOMPATIBLE for condition : IKS01A2 Gesture Recognition Condition id : 1600953782156
2021-02-02 17:08:03,236 [INFO] DependencyParser:915 - This component is not compatible with the current MCU : [1600953791491, 1600953791493, 1600953791501]
2021-02-02 17:08:03,236 [INFO] ThirdPartyModel:556 - Component with status : MCU_INCOMPATIBLE for condition : IKS01A2 Dynamic Inclinometer Condition id : 1600953782174
2021-02-02 17:08:03,236 [INFO] DependencyParser:915 - This component is not compatible with the current MCU : [1600953791491, 1600953791493, 1600953791501]
2021-02-02 17:08:03,237 [INFO] ThirdPartyModel:556 - Component with status : MCU_INCOMPATIBLE for condition : IKS01A2 Airplane Detection Condition id : 1600953782192
2021-02-02 17:08:03,238 [INFO] DependencyParser:915 - This component is not compatible with the current MCU : [1600953791491, 1600953791493, 1600953791501]
2021-02-02 17:08:03,238 [INFO] ThirdPartyModel:556 - Component with status : MCU_INCOMPATIBLE for condition : IKS02A1 Accelerometer Calibration Condition id : 1600953782256
2021-02-02 17:08:03,239 [INFO] DependencyParser:915 - This component is not compatible with the current MCU : [1600953791491, 1600953791493, 1600953791501]
2021-02-02 17:08:03,246 [INFO] ThirdPartyModel:556 - Component with status : MCU_INCOMPATIBLE for condition : IKS02A1 Dynamic Inclinometer Condition id : 1600953782323
2021-02-02 17:08:03,255 [INFO] DependencyParser:915 - This component is not compatible with the current MCU : [1600953791491, 1600953791493, 1600953791501]
2021-02-02 17:08:03,255 [INFO] ThirdPartyModel:556 - Component with status : MCU_INCOMPATIBLE for condition : CUSTOM Accelerometer Calibration Condition id : 1600953782543
2021-02-02 17:08:03,256 [INFO] DependencyParser:915 - This component is not compatible with the current MCU : [1600953791491, 1600953791493, 1600953791501]
2021-02-02 17:08:03,256 [INFO] ThirdPartyModel:556 - Component with status : MCU_INCOMPATIBLE for condition : CUSTOM Vertical Context Condition id : 1600953782574
2021-02-02 17:08:03,257 [INFO] DependencyParser:915 - This component is not compatible with the current MCU : [1600953791491, 1600953791493, 1600953791501]
2021-02-02 17:08:03,257 [INFO] ThirdPartyModel:556 - Component with status : MCU_INCOMPATIBLE for condition : CUSTOM Carry Position Condition id : 1600953782588
2021-02-02 17:08:03,260 [INFO] DependencyParser:915 - This component is not compatible with the current MCU : [1600953791491, 1600953791493, 1600953791501]
2021-02-02 17:08:03,261 [INFO] ThirdPartyModel:556 - Component with status : MCU_INCOMPATIBLE for condition : CUSTOM Gesture Recognition Condition id : 1600953782613
2021-02-02 17:08:03,262 [INFO] DependencyParser:915 - This component is not compatible with the current MCU : [1600953791491, 1600953791493, 1600953791501]
2021-02-02 17:08:03,265 [INFO] ThirdPartyModel:556 - Component with status : MCU_INCOMPATIBLE for condition : CUSTOM Dynamic Inclinometer Condition id : 1600953782625
2021-02-02 17:08:03,266 [INFO] DependencyParser:915 - This component is not compatible with the current MCU : [1600953791491, 1600953791493, 1600953791501]
2021-02-02 17:08:03,266 [INFO] ThirdPartyModel:556 - Component with status : MCU_INCOMPATIBLE for condition : CUSTOM Airplane Detection Condition id : 1600953782639
2021-02-02 17:08:03,269 [INFO] DependencyParser:915 - This component is not compatible with the current MCU : [1600953791491, 1600953791493, 1600953791501]
2021-02-02 17:08:03,269 [INFO] ThirdPartyModel:556 - Component with status : MCU_INCOMPATIBLE for condition : MotionAC Condition id : 1600953782692
2021-02-02 17:08:03,270 [INFO] DependencyParser:915 - This component is not compatible with the current MCU : [1600953791491, 1600953791493, 1600953791501]
2021-02-02 17:08:03,270 [INFO] ThirdPartyModel:556 - Component with status : MCU_INCOMPATIBLE for condition : MotionVC Condition id : 1600953782700
2021-02-02 17:08:03,270 [INFO] DependencyParser:915 - This component is not compatible with the current MCU : [1600953791491, 1600953791493, 1600953791501]
2021-02-02 17:08:03,270 [INFO] ThirdPartyModel:556 - Component with status : MCU_INCOMPATIBLE for condition : MotionCP Condition id : 1600953782704
2021-02-02 17:08:03,271 [INFO] DependencyParser:915 - This component is not compatible with the current MCU : [1600953791491, 1600953791493, 1600953791501]
2021-02-02 17:08:03,271 [INFO] ThirdPartyModel:556 - Component with status : MCU_INCOMPATIBLE for condition : MotionGR Condition id : 1600953782710
2021-02-02 17:08:03,272 [INFO] DependencyParser:915 - This component is not compatible with the current MCU : [1600953791491, 1600953791493, 1600953791501]
2021-02-02 17:08:03,272 [INFO] ThirdPartyModel:556 - Component with status : MCU_INCOMPATIBLE for condition : MotionDI Condition id : 1600953782714
2021-02-02 17:08:03,272 [INFO] DependencyParser:915 - This component is not compatible with the current MCU : [1600953791491, 1600953791493, 1600953791501]
2021-02-02 17:08:03,273 [INFO] ThirdPartyModel:556 - Component with status : MCU_INCOMPATIBLE for condition : MotionAD Condition id : 1600953782718
2021-02-02 17:08:03,277 [WARN] ApiManager:274 - Cannot register API 'Board Extension:IKS01A3' from pack STMicroelectronics.X-CUBE-MEMS1.8.1.1: no header file found
2021-02-02 17:08:03,278 [WARN] ApiManager:274 - Cannot register API 'Board Extension:IKS01A2' from pack STMicroelectronics.X-CUBE-MEMS1.8.1.1: no header file found
2021-02-02 17:08:03,278 [WARN] ApiManager:274 - Cannot register API 'Board Extension:IKS02A1' from pack STMicroelectronics.X-CUBE-MEMS1.8.1.1: no header file found
2021-02-02 17:08:03,364 [INFO] DependencyParser:915 - This component is not compatible with the current MCU : [1606288323454, 1606288323456, 1606288323464]
2021-02-02 17:08:03,365 [INFO] ThirdPartyModel:556 - Component with status : MCU_INCOMPATIBLE for condition : IKS01A3 Accelerometer Calibration Condition id : 1606288310047
2021-02-02 17:08:03,365 [INFO] DependencyParser:915 - This component is not compatible with the current MCU : [1606288323454, 1606288323456, 1606288323464]
2021-02-02 17:08:03,366 [INFO] ThirdPartyModel:556 - Component with status : MCU_INCOMPATIBLE for condition : IKS01A3 Vertical Context Condition id : 1606288310097
2021-02-02 17:08:03,366 [INFO] DependencyParser:915 - This component is not compatible with the current MCU : [1606288323454, 1606288323456, 1606288323464]
2021-02-02 17:08:03,367 [INFO] ThirdPartyModel:556 - Component with status : MCU_INCOMPATIBLE for condition : IKS01A3 Carry Position Condition id : 1606288310115
2021-02-02 17:08:03,367 [INFO] DependencyParser:915 - This component is not compatible with the current MCU : [1606288323454, 1606288323456, 1606288323464]
2021-02-02 17:08:03,367 [INFO] ThirdPartyModel:556 - Component with status : MCU_INCOMPATIBLE for condition : IKS01A3 Gesture Recognition Condition id : 1606288310150
2021-02-02 17:08:03,368 [INFO] DependencyParser:915 - This component is not compatible with the current MCU : [1606288323454, 1606288323456, 1606288323464]
2021-02-02 17:08:03,368 [INFO] ThirdPartyModel:556 - Component with status : MCU_INCOMPATIBLE for condition : IKS01A3 Dynamic Inclinometer Condition id : 1606288310168
2021-02-02 17:08:03,369 [INFO] DependencyParser:915 - This component is not compatible with the current MCU : [1606288323454, 1606288323456, 1606288323464]
2021-02-02 17:08:03,369 [INFO] ThirdPartyModel:556 - Component with status : MCU_INCOMPATIBLE for condition : IKS01A3 Airplane Detection Condition id : 1606288310186
2021-02-02 17:08:03,370 [INFO] DependencyParser:915 - This component is not compatible with the current MCU : [1606288323454, 1606288323456, 1606288323464]
2021-02-02 17:08:03,370 [INFO] ThirdPartyModel:556 - Component with status : MCU_INCOMPATIBLE for condition : IKS01A3 Active Time Condition id : 1606288310204
2021-02-02 17:08:03,370 [INFO] DependencyParser:915 - This component is not compatible with the current MCU : [1606288323454, 1606288323456, 1606288323464]
2021-02-02 17:08:03,371 [INFO] ThirdPartyModel:556 - Component with status : MCU_INCOMPATIBLE for condition : IKS01A3 Activity Recognition Condition id : 1606288310222
2021-02-02 17:08:03,371 [INFO] DependencyParser:915 - This component is not compatible with the current MCU : [1606288323454, 1606288323456, 1606288323464]
2021-02-02 17:08:03,372 [INFO] ThirdPartyModel:556 - Component with status : MCU_INCOMPATIBLE for condition : IKS01A3 Activity Recognition Wrist Condition id : 1606288310240
2021-02-02 17:08:03,373 [INFO] DependencyParser:915 - This component is not compatible with the current MCU : [1606288323454, 1606288323456, 1606288323464]
2021-02-02 17:08:03,373 [INFO] ThirdPartyModel:556 - Component with status : MCU_INCOMPATIBLE for condition : IKS01A3 Fall Detection Condition id : 1606288310258
2021-02-02 17:08:03,373 [INFO] DependencyParser:915 - This component is not compatible with the current MCU : [1606288323454, 1606288323456, 1606288323464]
2021-02-02 17:08:03,374 [INFO] ThirdPartyModel:556 - Component with status : MCU_INCOMPATIBLE for condition : IKS01A3 Fitness Activities Condition id : 1606288310276
2021-02-02 17:08:03,374 [INFO] DependencyParser:915 - This component is not compatible with the current MCU : [1606288323454, 1606288323456, 1606288323464]
2021-02-02 17:08:03,374 [INFO] ThirdPartyModel:556 - Component with status : MCU_INCOMPATIBLE for condition : IKS01A3 Pedometer Condition id : 1606288310294
2021-02-02 17:08:03,375 [INFO] DependencyParser:915 - This component is not compatible with the current MCU : [1606288323454, 1606288323456, 1606288323464]
2021-02-02 17:08:03,375 [INFO] ThirdPartyModel:556 - Component with status : MCU_INCOMPATIBLE for condition : IKS01A3 Pedometer Wrist Condition id : 1606288310312
2021-02-02 17:08:03,375 [INFO] DependencyParser:915 - This component is not compatible with the current MCU : [1606288323454, 1606288323456, 1606288323464]
2021-02-02 17:08:03,376 [INFO] ThirdPartyModel:556 - Component with status : MCU_INCOMPATIBLE for condition : IKS01A3 Pose Estimation Condition id : 1606288310331
2021-02-02 17:08:03,376 [INFO] DependencyParser:915 - This component is not compatible with the current MCU : [1606288323454, 1606288323456, 1606288323464]
2021-02-02 17:08:03,376 [INFO] ThirdPartyModel:556 - Component with status : MCU_INCOMPATIBLE for condition : IKS01A3 Standing Sitting Desk Condition id : 1606288310349
2021-02-02 17:08:03,381 [INFO] DependencyParser:915 - This component is not compatible with the current MCU : [1606288323454, 1606288323456, 1606288323464]
2021-02-02 17:08:03,381 [INFO] ThirdPartyModel:556 - Component with status : MCU_INCOMPATIBLE for condition : IKS01A2 Accelerometer Calibration Condition id : 1606288310597
2021-02-02 17:08:03,382 [INFO] DependencyParser:915 - This component is not compatible with the current MCU : [1606288323454, 1606288323456, 1606288323464]
2021-02-02 17:08:03,382 [INFO] ThirdPartyModel:556 - Component with status : MCU_INCOMPATIBLE for condition : IKS01A2 Vertical Context Condition id : 1606288310647
2021-02-02 17:08:03,383 [INFO] DependencyParser:915 - This component is not compatible with the current MCU : [1606288323454, 1606288323456, 1606288323464]
2021-02-02 17:08:03,383 [INFO] ThirdPartyModel:556 - Component with status : MCU_INCOMPATIBLE for condition : IKS01A2 Carry Position Condition id : 1606288310665
2021-02-02 17:08:03,384 [INFO] DependencyParser:915 - This component is not compatible with the current MCU : [1606288323454, 1606288323456, 1606288323464]
2021-02-02 17:08:03,384 [INFO] ThirdPartyModel:556 - Component with status : MCU_INCOMPATIBLE for condition : IKS01A2 Gesture Recognition Condition id : 1606288310700
2021-02-02 17:08:03,384 [INFO] DependencyParser:915 - This component is not compatible with the current MCU : [1606288323454, 1606288323456, 1606288323464]
2021-02-02 17:08:03,384 [INFO] ThirdPartyModel:556 - Component with status : MCU_INCOMPATIBLE for condition : IKS01A2 Dynamic Inclinometer Condition id : 1606288310718
2021-02-02 17:08:03,385 [INFO] DependencyParser:915 - This component is not compatible with the current MCU : [1606288323454, 1606288323456, 1606288323464]
2021-02-02 17:08:03,386 [INFO] ThirdPartyModel:556 - Component with status : MCU_INCOMPATIBLE for condition : IKS01A2 Airplane Detection Condition id : 1606288310736
2021-02-02 17:08:03,387 [INFO] DependencyParser:915 - This component is not compatible with the current MCU : [1606288323454, 1606288323456, 1606288323464]
2021-02-02 17:08:03,387 [INFO] ThirdPartyModel:556 - Component with status : MCU_INCOMPATIBLE for condition : IKS01A2 Active Time Condition id : 1606288310754
2021-02-02 17:08:03,387 [INFO] DependencyParser:915 - This component is not compatible with the current MCU : [1606288323454, 1606288323456, 1606288323464]
2021-02-02 17:08:03,388 [INFO] ThirdPartyModel:556 - Component with status : MCU_INCOMPATIBLE for condition : IKS01A2 Activity Recognition Condition id : 1606288310772
2021-02-02 17:08:03,388 [INFO] DependencyParser:915 - This component is not compatible with the current MCU : [1606288323454, 1606288323456, 1606288323464]
2021-02-02 17:08:03,388 [INFO] ThirdPartyModel:556 - Component with status : MCU_INCOMPATIBLE for condition : IKS01A2 Activity Recognition Wrist Condition id : 1606288310790
2021-02-02 17:08:03,389 [INFO] DependencyParser:915 - This component is not compatible with the current MCU : [1606288323454, 1606288323456, 1606288323464]
2021-02-02 17:08:03,389 [INFO] ThirdPartyModel:556 - Component with status : MCU_INCOMPATIBLE for condition : IKS01A2 Fall Detection Condition id : 1606288310808
2021-02-02 17:08:03,389 [INFO] DependencyParser:915 - This component is not compatible with the current MCU : [1606288323454, 1606288323456, 1606288323464]
2021-02-02 17:08:03,390 [INFO] ThirdPartyModel:556 - Component with status : MCU_INCOMPATIBLE for condition : IKS01A2 Fitness Activities Condition id : 1606288310826
2021-02-02 17:08:03,390 [INFO] DependencyParser:915 - This component is not compatible with the current MCU : [1606288323454, 1606288323456, 1606288323464]
2021-02-02 17:08:03,390 [INFO] ThirdPartyModel:556 - Component with status : MCU_INCOMPATIBLE for condition : IKS01A2 Pedometer Condition id : 1606288310844
2021-02-02 17:08:03,391 [INFO] DependencyParser:915 - This component is not compatible with the current MCU : [1606288323454, 1606288323456, 1606288323464]
2021-02-02 17:08:03,391 [INFO] ThirdPartyModel:556 - Component with status : MCU_INCOMPATIBLE for condition : IKS01A2 Pedometer Wrist Condition id : 1606288310862
2021-02-02 17:08:03,391 [INFO] DependencyParser:915 - This component is not compatible with the current MCU : [1606288323454, 1606288323456, 1606288323464]
2021-02-02 17:08:03,392 [INFO] ThirdPartyModel:556 - Component with status : MCU_INCOMPATIBLE for condition : IKS01A2 Pose Estimation Condition id : 1606288310881
2021-02-02 17:08:03,392 [INFO] DependencyParser:915 - This component is not compatible with the current MCU : [1606288323454, 1606288323456, 1606288323464]
2021-02-02 17:08:03,392 [INFO] ThirdPartyModel:556 - Component with status : MCU_INCOMPATIBLE for condition : IKS01A2 Standing Sitting Desk Condition id : 1606288310899
2021-02-02 17:08:03,394 [INFO] DependencyParser:915 - This component is not compatible with the current MCU : [1606288323454, 1606288323456, 1606288323464]
2021-02-02 17:08:03,400 [INFO] ThirdPartyModel:556 - Component with status : MCU_INCOMPATIBLE for condition : IKS02A1 Accelerometer Calibration Condition id : 1606288310963
2021-02-02 17:08:03,401 [INFO] DependencyParser:915 - This component is not compatible with the current MCU : [1606288323454, 1606288323456, 1606288323464]
2021-02-02 17:08:03,401 [INFO] ThirdPartyModel:556 - Component with status : MCU_INCOMPATIBLE for condition : IKS02A1 Dynamic Inclinometer Condition id : 1606288311030
2021-02-02 17:08:03,404 [INFO] DependencyParser:915 - This component is not compatible with the current MCU : [1606288323454, 1606288323456, 1606288323464]
2021-02-02 17:08:03,404 [INFO] ThirdPartyModel:556 - Component with status : MCU_INCOMPATIBLE for condition : CUSTOM Accelerometer Calibration Condition id : 1606288311250
2021-02-02 17:08:03,405 [INFO] DependencyParser:915 - This component is not compatible with the current MCU : [1606288323454, 1606288323456, 1606288323464]
2021-02-02 17:08:03,405 [INFO] ThirdPartyModel:556 - Component with status : MCU_INCOMPATIBLE for condition : CUSTOM Vertical Context Condition id : 1606288311281
2021-02-02 17:08:03,405 [INFO] DependencyParser:915 - This component is not compatible with the current MCU : [1606288323454, 1606288323456, 1606288323464]
2021-02-02 17:08:03,406 [INFO] ThirdPartyModel:556 - Component with status : MCU_INCOMPATIBLE for condition : CUSTOM Carry Position Condition id : 1606288311295
2021-02-02 17:08:03,406 [INFO] DependencyParser:915 - This component is not compatible with the current MCU : [1606288323454, 1606288323456, 1606288323464]
2021-02-02 17:08:03,406 [INFO] ThirdPartyModel:556 - Component with status : MCU_INCOMPATIBLE for condition : CUSTOM Gesture Recognition Condition id : 1606288311320
2021-02-02 17:08:03,407 [INFO] DependencyParser:915 - This component is not compatible with the current MCU : [1606288323454, 1606288323456, 1606288323464]
2021-02-02 17:08:03,407 [INFO] ThirdPartyModel:556 - Component with status : MCU_INCOMPATIBLE for condition : CUSTOM Dynamic Inclinometer Condition id : 1606288311332
2021-02-02 17:08:03,407 [INFO] DependencyParser:915 - This component is not compatible with the current MCU : [1606288323454, 1606288323456, 1606288323464]
2021-02-02 17:08:03,408 [INFO] ThirdPartyModel:556 - Component with status : MCU_INCOMPATIBLE for condition : CUSTOM Airplane Detection Condition id : 1606288311346
2021-02-02 17:08:03,408 [INFO] DependencyParser:915 - This component is not compatible with the current MCU : [1606288323454, 1606288323456, 1606288323464]
2021-02-02 17:08:03,413 [INFO] ThirdPartyModel:556 - Component with status : MCU_INCOMPATIBLE for condition : CUSTOM Active Time Condition id : 1606288311362
2021-02-02 17:08:03,413 [INFO] DependencyParser:915 - This component is not compatible with the current MCU : [1606288323454, 1606288323456, 1606288323464]
2021-02-02 17:08:03,414 [INFO] ThirdPartyModel:556 - Component with status : MCU_INCOMPATIBLE for condition : CUSTOM Activity Recognition Condition id : 1606288311374
2021-02-02 17:08:03,414 [INFO] DependencyParser:915 - This component is not compatible with the current MCU : [1606288323454, 1606288323456, 1606288323464]
2021-02-02 17:08:03,414 [INFO] ThirdPartyModel:556 - Component with status : MCU_INCOMPATIBLE for condition : CUSTOM Activity Recognition Wrist Condition id : 1606288311386
2021-02-02 17:08:03,416 [INFO] DependencyParser:915 - This component is not compatible with the current MCU : [1606288323454, 1606288323456, 1606288323464]
2021-02-02 17:08:03,416 [INFO] ThirdPartyModel:556 - Component with status : MCU_INCOMPATIBLE for condition : CUSTOM Fall Detection Condition id : 1606288311398
2021-02-02 17:08:03,419 [INFO] DependencyParser:915 - This component is not compatible with the current MCU : [1606288323454, 1606288323456, 1606288323464]
2021-02-02 17:08:03,419 [INFO] ThirdPartyModel:556 - Component with status : MCU_INCOMPATIBLE for condition : CUSTOM Fitness Activities Condition id : 1606288311410
2021-02-02 17:08:03,420 [INFO] DependencyParser:915 - This component is not compatible with the current MCU : [1606288323454, 1606288323456, 1606288323464]
2021-02-02 17:08:03,420 [INFO] ThirdPartyModel:556 - Component with status : MCU_INCOMPATIBLE for condition : CUSTOM Pedometer Condition id : 1606288311425
2021-02-02 17:08:03,420 [INFO] DependencyParser:915 - This component is not compatible with the current MCU : [1606288323454, 1606288323456, 1606288323464]
2021-02-02 17:08:03,420 [INFO] ThirdPartyModel:556 - Component with status : MCU_INCOMPATIBLE for condition : CUSTOM Pedometer Wrist Condition id : 1606288311437
2021-02-02 17:08:03,421 [INFO] DependencyParser:915 - This component is not compatible with the current MCU : [1606288323454, 1606288323456, 1606288323464]
2021-02-02 17:08:03,422 [INFO] ThirdPartyModel:556 - Component with status : MCU_INCOMPATIBLE for condition : CUSTOM Pose Estimation Condition id : 1606288311450
2021-02-02 17:08:03,423 [INFO] DependencyParser:915 - This component is not compatible with the current MCU : [1606288323454, 1606288323456, 1606288323464]
2021-02-02 17:08:03,423 [INFO] ThirdPartyModel:556 - Component with status : MCU_INCOMPATIBLE for condition : CUSTOM Standing Sitting Desk Condition id : 1606288311462
2021-02-02 17:08:03,423 [INFO] DependencyParser:915 - This component is not compatible with the current MCU : [1606288323454, 1606288323456, 1606288323464]
2021-02-02 17:08:03,424 [INFO] ThirdPartyModel:556 - Component with status : MCU_INCOMPATIBLE for condition : MotionAC Condition id : 1606288311511
2021-02-02 17:08:03,424 [INFO] DependencyParser:915 - This component is not compatible with the current MCU : [1606288323454, 1606288323456, 1606288323464]
2021-02-02 17:08:03,424 [INFO] ThirdPartyModel:556 - Component with status : MCU_INCOMPATIBLE for condition : MotionVC Condition id : 1606288311519
2021-02-02 17:08:03,425 [INFO] DependencyParser:915 - This component is not compatible with the current MCU : [1606288323454, 1606288323456, 1606288323464]
2021-02-02 17:08:03,425 [INFO] ThirdPartyModel:556 - Component with status : MCU_INCOMPATIBLE for condition : MotionCP Condition id : 1606288311523
2021-02-02 17:08:03,425 [INFO] DependencyParser:915 - This component is not compatible with the current MCU : [1606288323454, 1606288323456, 1606288323464]
2021-02-02 17:08:03,425 [INFO] ThirdPartyModel:556 - Component with status : MCU_INCOMPATIBLE for condition : MotionGR Condition id : 1606288311529
2021-02-02 17:08:03,426 [INFO] DependencyParser:915 - This component is not compatible with the current MCU : [1606288323454, 1606288323456, 1606288323464]
2021-02-02 17:08:03,426 [INFO] ThirdPartyModel:556 - Component with status : MCU_INCOMPATIBLE for condition : MotionDI Condition id : 1606288311533
2021-02-02 17:08:03,426 [INFO] DependencyParser:915 - This component is not compatible with the current MCU : [1606288323454, 1606288323456, 1606288323464]
2021-02-02 17:08:03,426 [INFO] ThirdPartyModel:556 - Component with status : MCU_INCOMPATIBLE for condition : MotionAD Condition id : 1606288311537
2021-02-02 17:08:03,427 [INFO] DependencyParser:915 - This component is not compatible with the current MCU : [1606288323454, 1606288323456, 1606288323464]
2021-02-02 17:08:03,427 [INFO] ThirdPartyModel:556 - Component with status : MCU_INCOMPATIBLE for condition : MotionAT Condition id : 1606288311541
2021-02-02 17:08:03,427 [INFO] DependencyParser:915 - This component is not compatible with the current MCU : [1606288323454, 1606288323456, 1606288323464]
2021-02-02 17:08:03,427 [INFO] ThirdPartyModel:556 - Component with status : MCU_INCOMPATIBLE for condition : MotionAR Condition id : 1606288311545
2021-02-02 17:08:03,427 [INFO] DependencyParser:915 - This component is not compatible with the current MCU : [1606288323454, 1606288323456, 1606288323464]
2021-02-02 17:08:03,428 [INFO] ThirdPartyModel:556 - Component with status : MCU_INCOMPATIBLE for condition : MotionAW Condition id : 1606288311549
2021-02-02 17:08:03,428 [INFO] DependencyParser:915 - This component is not compatible with the current MCU : [1606288323454, 1606288323456, 1606288323464]
2021-02-02 17:08:03,429 [INFO] ThirdPartyModel:556 - Component with status : MCU_INCOMPATIBLE for condition : MotionFD Condition id : 1606288311553
2021-02-02 17:08:03,429 [INFO] DependencyParser:915 - This component is not compatible with the current MCU : [1606288323454, 1606288323456, 1606288323464]
2021-02-02 17:08:03,429 [INFO] ThirdPartyModel:556 - Component with status : MCU_INCOMPATIBLE for condition : MotionFA Condition id : 1606288311557
2021-02-02 17:08:03,430 [INFO] DependencyParser:915 - This component is not compatible with the current MCU : [1606288323454, 1606288323456, 1606288323464]
2021-02-02 17:08:03,430 [INFO] ThirdPartyModel:556 - Component with status : MCU_INCOMPATIBLE for condition : MotionPM Condition id : 1606288311561
2021-02-02 17:08:03,430 [INFO] DependencyParser:915 - This component is not compatible with the current MCU : [1606288323454, 1606288323456, 1606288323464]
2021-02-02 17:08:03,430 [INFO] ThirdPartyModel:556 - Component with status : MCU_INCOMPATIBLE for condition : MotionPE Condition id : 1606288311567
2021-02-02 17:08:03,431 [INFO] DependencyParser:915 - This component is not compatible with the current MCU : [1606288323454, 1606288323456, 1606288323464]
2021-02-02 17:08:03,431 [INFO] ThirdPartyModel:556 - Component with status : MCU_INCOMPATIBLE for condition : MotionSD Condition id : 1606288311571
2021-02-02 17:08:03,432 [WARN] ApiManager:274 - Cannot register API 'Board Extension:IKS01A3' from pack STMicroelectronics.X-CUBE-MEMS1.8.2.0: no header file found
2021-02-02 17:08:03,433 [WARN] ApiManager:274 - Cannot register API 'Board Extension:IKS01A2' from pack STMicroelectronics.X-CUBE-MEMS1.8.2.0: no header file found
2021-02-02 17:08:03,433 [WARN] ApiManager:274 - Cannot register API 'Board Extension:IKS02A1' from pack STMicroelectronics.X-CUBE-MEMS1.8.2.0: no header file found
2021-02-02 17:08:03,435 [WARN] ApiManager:274 - Cannot register API 'Board Extension:EEPRMA1' from pack STMicroelectronics.X-CUBE-EEPRMA1.3.0.0: no header file found
2021-02-02 17:08:03,435 [WARN] ApiManager:274 - Cannot register API 'Board Extension:EEPRMA2' from pack STMicroelectronics.X-CUBE-EEPRMA1.3.0.0: no header file found
2021-02-02 17:08:03,469 [INFO] DependencyParser:915 - This component is not compatible with the current MCU : [1598820977783, 1598820977785, 1598820977793]
2021-02-02 17:08:03,469 [INFO] ThirdPartyModel:556 - Component with status : MCU_INCOMPATIBLE for condition : IKS01A3 Accelerometer Calibration Condition id : 1598820968067
2021-02-02 17:08:03,470 [INFO] DependencyParser:915 - This component is not compatible with the current MCU : [1598820977783, 1598820977785, 1598820977793]
2021-02-02 17:08:03,470 [INFO] ThirdPartyModel:556 - Component with status : MCU_INCOMPATIBLE for condition : IKS01A3 Vertical Context Condition id : 1598820968117
2021-02-02 17:08:03,471 [INFO] DependencyParser:915 - This component is not compatible with the current MCU : [1598820977783, 1598820977785, 1598820977793]
2021-02-02 17:08:03,471 [INFO] ThirdPartyModel:556 - Component with status : MCU_INCOMPATIBLE for condition : IKS01A3 Carry Position Condition id : 1598820968135
2021-02-02 17:08:03,471 [INFO] DependencyParser:915 - This component is not compatible with the current MCU : [1598820977783, 1598820977785, 1598820977793]
2021-02-02 17:08:03,471 [INFO] ThirdPartyModel:556 - Component with status : MCU_INCOMPATIBLE for condition : IKS01A3 Gesture Recognition Condition id : 1598820968170
2021-02-02 17:08:03,472 [INFO] DependencyParser:915 - This component is not compatible with the current MCU : [1598820977783, 1598820977785, 1598820977793]
2021-02-02 17:08:03,472 [INFO] ThirdPartyModel:556 - Component with status : MCU_INCOMPATIBLE for condition : IKS01A3 Dynamic Inclinometer Condition id : 1598820968188
2021-02-02 17:08:03,472 [INFO] DependencyParser:915 - This component is not compatible with the current MCU : [1598820977783, 1598820977785, 1598820977793]
2021-02-02 17:08:03,473 [INFO] ThirdPartyModel:556 - Component with status : MCU_INCOMPATIBLE for condition : IKS01A3 Airplane Detection Condition id : 1598820968206
2021-02-02 17:08:03,475 [INFO] DependencyParser:915 - This component is not compatible with the current MCU : [1598820977783, 1598820977785, 1598820977793]
2021-02-02 17:08:03,475 [INFO] ThirdPartyModel:556 - Component with status : MCU_INCOMPATIBLE for condition : IKS01A2 Accelerometer Calibration Condition id : 1598820968454
2021-02-02 17:08:03,476 [INFO] DependencyParser:915 - This component is not compatible with the current MCU : [1598820977783, 1598820977785, 1598820977793]
2021-02-02 17:08:03,476 [INFO] ThirdPartyModel:556 - Component with status : MCU_INCOMPATIBLE for condition : IKS01A2 Vertical Context Condition id : 1598820968504
2021-02-02 17:08:03,476 [INFO] DependencyParser:915 - This component is not compatible with the current MCU : [1598820977783, 1598820977785, 1598820977793]
2021-02-02 17:08:03,476 [INFO] ThirdPartyModel:556 - Component with status : MCU_INCOMPATIBLE for condition : IKS01A2 Carry Position Condition id : 1598820968522
2021-02-02 17:08:03,477 [INFO] DependencyParser:915 - This component is not compatible with the current MCU : [1598820977783, 1598820977785, 1598820977793]
2021-02-02 17:08:03,477 [INFO] ThirdPartyModel:556 - Component with status : MCU_INCOMPATIBLE for condition : IKS01A2 Gesture Recognition Condition id : 1598820968557
2021-02-02 17:08:03,478 [INFO] DependencyParser:915 - This component is not compatible with the current MCU : [1598820977783, 1598820977785, 1598820977793]
2021-02-02 17:08:03,478 [INFO] ThirdPartyModel:556 - Component with status : MCU_INCOMPATIBLE for condition : IKS01A2 Dynamic Inclinometer Condition id : 1598820968575
2021-02-02 17:08:03,478 [INFO] DependencyParser:915 - This component is not compatible with the current MCU : [1598820977783, 1598820977785, 1598820977793]
2021-02-02 17:08:03,478 [INFO] ThirdPartyModel:556 - Component with status : MCU_INCOMPATIBLE for condition : IKS01A2 Airplane Detection Condition id : 1598820968593
2021-02-02 17:08:03,479 [INFO] DependencyParser:915 - This component is not compatible with the current MCU : [1598820977783, 1598820977785, 1598820977793]
2021-02-02 17:08:03,479 [INFO] ThirdPartyModel:556 - Component with status : MCU_INCOMPATIBLE for condition : IKS02A1 Accelerometer Calibration Condition id : 1598820968657
2021-02-02 17:08:03,480 [INFO] DependencyParser:915 - This component is not compatible with the current MCU : [1598820977783, 1598820977785, 1598820977793]
2021-02-02 17:08:03,480 [INFO] ThirdPartyModel:556 - Component with status : MCU_INCOMPATIBLE for condition : IKS02A1 Dynamic Inclinometer Condition id : 1598820968724
2021-02-02 17:08:03,482 [INFO] DependencyParser:915 - This component is not compatible with the current MCU : [1598820977783, 1598820977785, 1598820977793]
2021-02-02 17:08:03,482 [INFO] ThirdPartyModel:556 - Component with status : MCU_INCOMPATIBLE for condition : CUSTOM Accelerometer Calibration Condition id : 1598820968944
2021-02-02 17:08:03,483 [INFO] DependencyParser:915 - This component is not compatible with the current MCU : [1598820977783, 1598820977785, 1598820977793]
2021-02-02 17:08:03,483 [INFO] ThirdPartyModel:556 - Component with status : MCU_INCOMPATIBLE for condition : CUSTOM Vertical Context Condition id : 1598820968975
2021-02-02 17:08:03,483 [INFO] DependencyParser:915 - This component is not compatible with the current MCU : [1598820977783, 1598820977785, 1598820977793]
2021-02-02 17:08:03,484 [INFO] ThirdPartyModel:556 - Component with status : MCU_INCOMPATIBLE for condition : CUSTOM Carry Position Condition id : 1598820968989
2021-02-02 17:08:03,484 [INFO] DependencyParser:915 - This component is not compatible with the current MCU : [1598820977783, 1598820977785, 1598820977793]
2021-02-02 17:08:03,484 [INFO] ThirdPartyModel:556 - Component with status : MCU_INCOMPATIBLE for condition : CUSTOM Gesture Recognition Condition id : 1598820969014
2021-02-02 17:08:03,485 [INFO] DependencyParser:915 - This component is not compatible with the current MCU : [1598820977783, 1598820977785, 1598820977793]
2021-02-02 17:08:03,485 [INFO] ThirdPartyModel:556 - Component with status : MCU_INCOMPATIBLE for condition : CUSTOM Dynamic Inclinometer Condition id : 1598820969026
2021-02-02 17:08:03,485 [INFO] DependencyParser:915 - This component is not compatible with the current MCU : [1598820977783, 1598820977785, 1598820977793]
2021-02-02 17:08:03,485 [INFO] ThirdPartyModel:556 - Component with status : MCU_INCOMPATIBLE for condition : CUSTOM Airplane Detection Condition id : 1598820969040
2021-02-02 17:08:03,486 [INFO] DependencyParser:915 - This component is not compatible with the current MCU : [1598820977783, 1598820977785, 1598820977793]
2021-02-02 17:08:03,486 [INFO] ThirdPartyModel:556 - Component with status : MCU_INCOMPATIBLE for condition : MotionAC Condition id : 1598820969062
2021-02-02 17:08:03,486 [INFO] DependencyParser:915 - This component is not compatible with the current MCU : [1598820977783, 1598820977785, 1598820977793]
2021-02-02 17:08:03,487 [INFO] ThirdPartyModel:556 - Component with status : MCU_INCOMPATIBLE for condition : MotionVC Condition id : 1598820969070
2021-02-02 17:08:03,487 [INFO] DependencyParser:915 - This component is not compatible with the current MCU : [1598820977783, 1598820977785, 1598820977793]
2021-02-02 17:08:03,487 [INFO] ThirdPartyModel:556 - Component with status : MCU_INCOMPATIBLE for condition : MotionCP Condition id : 1598820969074
2021-02-02 17:08:03,488 [INFO] DependencyParser:915 - This component is not compatible with the current MCU : [1598820977783, 1598820977785, 1598820977793]
2021-02-02 17:08:03,488 [INFO] ThirdPartyModel:556 - Component with status : MCU_INCOMPATIBLE for condition : MotionGR Condition id : 1598820969080
2021-02-02 17:08:03,489 [INFO] DependencyParser:915 - This component is not compatible with the current MCU : [1598820977783, 1598820977785, 1598820977793]
2021-02-02 17:08:03,489 [INFO] ThirdPartyModel:556 - Component with status : MCU_INCOMPATIBLE for condition : MotionDI Condition id : 1598820969084
2021-02-02 17:08:03,489 [INFO] DependencyParser:915 - This component is not compatible with the current MCU : [1598820977783, 1598820977785, 1598820977793]
2021-02-02 17:08:03,489 [INFO] ThirdPartyModel:556 - Component with status : MCU_INCOMPATIBLE for condition : MotionAD Condition id : 1598820969088
2021-02-02 17:08:03,490 [WARN] ApiManager:274 - Cannot register API 'Board Extension:IKS01A3' from pack STMicroelectronics.X-CUBE-MEMS1.8.0.0: no header file found
2021-02-02 17:08:03,491 [WARN] ApiManager:274 - Cannot register API 'Board Extension:IKS01A2' from pack STMicroelectronics.X-CUBE-MEMS1.8.0.0: no header file found
2021-02-02 17:08:03,491 [WARN] ApiManager:274 - Cannot register API 'Board Extension:IKS02A1' from pack STMicroelectronics.X-CUBE-MEMS1.8.0.0: no header file found
2021-02-02 17:08:03,491 [INFO] DependencyParser:915 - This component is not compatible with the current MCU : [1602415243140]
2021-02-02 17:08:03,492 [INFO] ThirdPartyModel:556 - Component with status : MCU_INCOMPATIBLE for condition : GFX01M1_Condition id : 1602415243125
2021-02-02 17:08:03,492 [INFO] DependencyParser:915 - This component is not compatible with the current MCU : [1602415243140]
2021-02-02 17:08:03,492 [INFO] ThirdPartyModel:556 - Component with status : MCU_INCOMPATIBLE for condition : GFX01M1_HelloWorld_Condition id : 1602415243127
2021-02-02 17:08:03,534 [INFO] DependencyParser:915 - This component is not compatible with the current MCU : [1599619667329, 1599619667331, 1599619667339]
2021-02-02 17:08:03,534 [INFO] ThirdPartyModel:556 - Component with status : MCU_INCOMPATIBLE for condition : IKS01A3 Accelerometer Calibration Condition id : 1599619657504
2021-02-02 17:08:03,538 [INFO] DependencyParser:915 - This component is not compatible with the current MCU : [1599619667329, 1599619667331, 1599619667339]
2021-02-02 17:08:03,539 [INFO] ThirdPartyModel:556 - Component with status : MCU_INCOMPATIBLE for condition : IKS01A3 Vertical Context Condition id : 1599619657554
2021-02-02 17:08:03,539 [INFO] DependencyParser:915 - This component is not compatible with the current MCU : [1599619667329, 1599619667331, 1599619667339]
2021-02-02 17:08:03,540 [INFO] ThirdPartyModel:556 - Component with status : MCU_INCOMPATIBLE for condition : IKS01A3 Carry Position Condition id : 1599619657572
2021-02-02 17:08:03,540 [INFO] DependencyParser:915 - This component is not compatible with the current MCU : [1599619667329, 1599619667331, 1599619667339]
2021-02-02 17:08:03,540 [INFO] ThirdPartyModel:556 - Component with status : MCU_INCOMPATIBLE for condition : IKS01A3 Gesture Recognition Condition id : 1599619657607
2021-02-02 17:08:03,541 [INFO] DependencyParser:915 - This component is not compatible with the current MCU : [1599619667329, 1599619667331, 1599619667339]
2021-02-02 17:08:03,541 [INFO] ThirdPartyModel:556 - Component with status : MCU_INCOMPATIBLE for condition : IKS01A3 Dynamic Inclinometer Condition id : 1599619657625
2021-02-02 17:08:03,541 [INFO] DependencyParser:915 - This component is not compatible with the current MCU : [1599619667329, 1599619667331, 1599619667339]
2021-02-02 17:08:03,542 [INFO] ThirdPartyModel:556 - Component with status : MCU_INCOMPATIBLE for condition : IKS01A3 Airplane Detection Condition id : 1599619657643
2021-02-02 17:08:03,543 [INFO] DependencyParser:915 - This component is not compatible with the current MCU : [1599619667329, 1599619667331, 1599619667339]
2021-02-02 17:08:03,544 [INFO] ThirdPartyModel:556 - Component with status : MCU_INCOMPATIBLE for condition : IKS01A2 Accelerometer Calibration Condition id : 1599619657891
2021-02-02 17:08:03,544 [INFO] DependencyParser:915 - This component is not compatible with the current MCU : [1599619667329, 1599619667331, 1599619667339]
2021-02-02 17:08:03,545 [INFO] ThirdPartyModel:556 - Component with status : MCU_INCOMPATIBLE for condition : IKS01A2 Vertical Context Condition id : 1599619657941
2021-02-02 17:08:03,545 [INFO] DependencyParser:915 - This component is not compatible with the current MCU : [1599619667329, 1599619667331, 1599619667339]
2021-02-02 17:08:03,545 [INFO] ThirdPartyModel:556 - Component with status : MCU_INCOMPATIBLE for condition : IKS01A2 Carry Position Condition id : 1599619657959
2021-02-02 17:08:03,546 [INFO] DependencyParser:915 - This component is not compatible with the current MCU : [1599619667329, 1599619667331, 1599619667339]
2021-02-02 17:08:03,546 [INFO] ThirdPartyModel:556 - Component with status : MCU_INCOMPATIBLE for condition : IKS01A2 Gesture Recognition Condition id : 1599619657994
2021-02-02 17:08:03,546 [INFO] DependencyParser:915 - This component is not compatible with the current MCU : [1599619667329, 1599619667331, 1599619667339]
2021-02-02 17:08:03,547 [INFO] ThirdPartyModel:556 - Component with status : MCU_INCOMPATIBLE for condition : IKS01A2 Dynamic Inclinometer Condition id : 1599619658012
2021-02-02 17:08:03,547 [INFO] DependencyParser:915 - This component is not compatible with the current MCU : [1599619667329, 1599619667331, 1599619667339]
2021-02-02 17:08:03,547 [INFO] ThirdPartyModel:556 - Component with status : MCU_INCOMPATIBLE for condition : IKS01A2 Airplane Detection Condition id : 1599619658030
2021-02-02 17:08:03,548 [INFO] DependencyParser:915 - This component is not compatible with the current MCU : [1599619667329, 1599619667331, 1599619667339]
2021-02-02 17:08:03,548 [INFO] ThirdPartyModel:556 - Component with status : MCU_INCOMPATIBLE for condition : IKS02A1 Accelerometer Calibration Condition id : 1599619658094
2021-02-02 17:08:03,549 [INFO] DependencyParser:915 - This component is not compatible with the current MCU : [1599619667329, 1599619667331, 1599619667339]
2021-02-02 17:08:03,549 [INFO] ThirdPartyModel:556 - Component with status : MCU_INCOMPATIBLE for condition : IKS02A1 Dynamic Inclinometer Condition id : 1599619658161
2021-02-02 17:08:03,551 [INFO] DependencyParser:915 - This component is not compatible with the current MCU : [1599619667329, 1599619667331, 1599619667339]
2021-02-02 17:08:03,551 [INFO] ThirdPartyModel:556 - Component with status : MCU_INCOMPATIBLE for condition : CUSTOM Accelerometer Calibration Condition id : 1599619658381
2021-02-02 17:08:03,551 [INFO] DependencyParser:915 - This component is not compatible with the current MCU : [1599619667329, 1599619667331, 1599619667339]
2021-02-02 17:08:03,552 [INFO] ThirdPartyModel:556 - Component with status : MCU_INCOMPATIBLE for condition : CUSTOM Vertical Context Condition id : 1599619658412
2021-02-02 17:08:03,552 [INFO] DependencyParser:915 - This component is not compatible with the current MCU : [1599619667329, 1599619667331, 1599619667339]
2021-02-02 17:08:03,552 [INFO] ThirdPartyModel:556 - Component with status : MCU_INCOMPATIBLE for condition : CUSTOM Carry Position Condition id : 1599619658426
2021-02-02 17:08:03,553 [INFO] DependencyParser:915 - This component is not compatible with the current MCU : [1599619667329, 1599619667331, 1599619667339]
2021-02-02 17:08:03,553 [INFO] ThirdPartyModel:556 - Component with status : MCU_INCOMPATIBLE for condition : CUSTOM Gesture Recognition Condition id : 1599619658451
2021-02-02 17:08:03,553 [INFO] DependencyParser:915 - This component is not compatible with the current MCU : [1599619667329, 1599619667331, 1599619667339]
2021-02-02 17:08:03,553 [INFO] ThirdPartyModel:556 - Component with status : MCU_INCOMPATIBLE for condition : CUSTOM Dynamic Inclinometer Condition id : 1599619658463
2021-02-02 17:08:03,554 [INFO] DependencyParser:915 - This component is not compatible with the current MCU : [1599619667329, 1599619667331, 1599619667339]
2021-02-02 17:08:03,554 [INFO] ThirdPartyModel:556 - Component with status : MCU_INCOMPATIBLE for condition : CUSTOM Airplane Detection Condition id : 1599619658477
2021-02-02 17:08:03,554 [INFO] DependencyParser:915 - This component is not compatible with the current MCU : [1599619667329, 1599619667331, 1599619667339]
2021-02-02 17:08:03,555 [INFO] ThirdPartyModel:556 - Component with status : MCU_INCOMPATIBLE for condition : MotionAC Condition id : 1599619658530
2021-02-02 17:08:03,555 [INFO] DependencyParser:915 - This component is not compatible with the current MCU : [1599619667329, 1599619667331, 1599619667339]
2021-02-02 17:08:03,555 [INFO] ThirdPartyModel:556 - Component with status : MCU_INCOMPATIBLE for condition : MotionVC Condition id : 1599619658538
2021-02-02 17:08:03,556 [INFO] DependencyParser:915 - This component is not compatible with the current MCU : [1599619667329, 1599619667331, 1599619667339]
2021-02-02 17:08:03,556 [INFO] ThirdPartyModel:556 - Component with status : MCU_INCOMPATIBLE for condition : MotionCP Condition id : 1599619658542
2021-02-02 17:08:03,556 [INFO] DependencyParser:915 - This component is not compatible with the current MCU : [1599619667329, 1599619667331, 1599619667339]
2021-02-02 17:08:03,556 [INFO] ThirdPartyModel:556 - Component with status : MCU_INCOMPATIBLE for condition : MotionGR Condition id : 1599619658548
2021-02-02 17:08:03,557 [INFO] DependencyParser:915 - This component is not compatible with the current MCU : [1599619667329, 1599619667331, 1599619667339]
2021-02-02 17:08:03,557 [INFO] ThirdPartyModel:556 - Component with status : MCU_INCOMPATIBLE for condition : MotionDI Condition id : 1599619658552
2021-02-02 17:08:03,557 [INFO] DependencyParser:915 - This component is not compatible with the current MCU : [1599619667329, 1599619667331, 1599619667339]
2021-02-02 17:08:03,557 [INFO] ThirdPartyModel:556 - Component with status : MCU_INCOMPATIBLE for condition : MotionAD Condition id : 1599619658556
2021-02-02 17:08:03,558 [WARN] ApiManager:274 - Cannot register API 'Board Extension:IKS01A3' from pack STMicroelectronics.X-CUBE-MEMS1.8.1.0: no header file found
2021-02-02 17:08:03,558 [WARN] ApiManager:274 - Cannot register API 'Board Extension:IKS01A2' from pack STMicroelectronics.X-CUBE-MEMS1.8.1.0: no header file found
2021-02-02 17:08:03,559 [WARN] ApiManager:274 - Cannot register API 'Board Extension:IKS02A1' from pack STMicroelectronics.X-CUBE-MEMS1.8.1.0: no header file found
2021-02-02 17:08:03,561 [INFO] RtosManager:456 - Registered RTOS mode: class=CMSIS, group=RTOS, mode=CMSIS_V1, owner=FREERTOS
2021-02-02 17:08:03,561 [INFO] RtosManager:456 - Registered RTOS mode: class=CMSIS, group=RTOS2, mode=CMSIS_V2, owner=FREERTOS
2021-02-02 17:08:03,562 [INFO] RtosManager:456 - Registered RTOS mode: class=RTOS, group=Core, mode=CMSIS_V1, owner=FREERTOS
2021-02-02 17:08:03,562 [INFO] RtosManager:456 - Registered RTOS mode: class=RTOS, group=Core, mode=CMSIS_V2, owner=FREERTOS
2021-02-02 17:08:03,563 [WARN] ModelIntegratedComponent:188 - Missing modes for component 1598820984351
2021-02-02 17:08:03,563 [WARN] ApiManager:274 - Cannot register API 'Wireless:BlueNRG-2' from pack STMicroelectronics.X-CUBE-BLE2.2.0.0: no header file found
2021-02-02 17:08:03,566 [WARN] ApiManager:274 - Cannot register API 'Board Extension:GNSS1A1' from pack STMicroelectronics.X-CUBE-GNSS1.5.0.0: no header file found
2021-02-02 17:08:03,567 [WARN] ApiManager:274 - Cannot register API 'Board Support:Custom' from pack STMicroelectronics.X-CUBE-GNSS1.5.0.0: no header file found
2021-02-02 17:08:03,567 [WARN] ApiManager:274 - Cannot register API 'Data Exchange:lib_gnss' from pack STMicroelectronics.X-CUBE-GNSS1.5.0.0: no header file found
2021-02-02 17:08:03,568 [WARN] ApiManager:274 - Cannot register API 'Board Extension:GNSS1A1' from pack STMicroelectronics.X-CUBE-GNSS1.5.1.0: no header file found
2021-02-02 17:08:03,568 [WARN] ApiManager:274 - Cannot register API 'Board Support:Custom' from pack STMicroelectronics.X-CUBE-GNSS1.5.1.0: no header file found
2021-02-02 17:08:03,568 [WARN] ApiManager:274 - Cannot register API 'Data Exchange:lib_gnss' from pack STMicroelectronics.X-CUBE-GNSS1.5.1.0: no header file found
2021-02-02 17:08:03,569 [WARN] ApiManager:274 - Cannot register API 'Board Extension:S2868A1' from pack STMicroelectronics.X-CUBE-SUBG2.2.0.0: no header file found
2021-02-02 17:08:03,570 [WARN] ApiManager:274 - Cannot register API 'Board Extension:S2868A2' from pack STMicroelectronics.X-CUBE-SUBG2.2.0.0: no header file found
2021-02-02 17:08:03,570 [WARN] ApiManager:274 - Cannot register API 'Board Extension:S2915A1' from pack STMicroelectronics.X-CUBE-SUBG2.2.0.0: no header file found
2021-02-02 17:08:03,570 [WARN] ApiManager:274 - Cannot register API 'Wireless:BlueNRG-MS' from pack STMicroelectronics.X-CUBE-BLE1.6.0.0: no header file found
2021-02-02 17:08:03,571 [WARN] ApiManager:274 - Cannot register API 'Wireless:BlueNRG-MS' from pack STMicroelectronics.X-CUBE-BLE1.6.1.0: no header file found
2021-02-02 17:08:03,573 [WARN] ApiManager:274 - Cannot register API 'Board Extension:NFC04A1' from pack STMicroelectronics.X-CUBE-NFC4.2.0.1: no header file found
2021-02-02 17:08:03,576 [WARN] ApiManager:274 - Cannot register API 'Wireless:BlueNRG-2' from pack STMicroelectronics.X-CUBE-BLE2.3.0.0: no header file found
2021-02-02 17:08:03,577 [WARN] ApiManager:274 - Cannot register API 'Wireless:BlueNRG-2' from pack STMicroelectronics.X-CUBE-BLE2.3.1.0: no header file found
2021-02-02 17:08:05,704 [INFO] UtilMem:74 - End LoadConfig() Used Memory: 498882776 Bytes (801112064)
2021-02-02 17:08:05,711 [WARN] ThirdParty:741 - waiting for thirdparty lock release [change project]
2021-02-02 17:08:05,712 [INFO] ThirdParty:743 - entering critical section [change project]
2021-02-02 17:08:05,712 [INFO] ThirdParty:968 - CMSIS Pack Vendor :STMicroelectronics USB_HOST 2.0.0
2021-02-02 17:08:05,712 [INFO] ThirdParty:968 - CMSIS Pack Vendor :STMicroelectronics X-CUBE-SUBG2 3.0.1
2021-02-02 17:08:05,714 [INFO] ThirdParty:968 - CMSIS Pack Vendor :STMicroelectronics X-CUBE-SUBG2 3.0.0
2021-02-02 17:08:05,714 [INFO] ThirdParty:968 - CMSIS Pack Vendor :STMicroelectronics USB_DEVICE 3.0.0
2021-02-02 17:08:05,715 [INFO] ThirdParty:968 - CMSIS Pack Vendor :STMicroelectronics MBEDTLS 2.16.2
2021-02-02 17:08:05,715 [INFO] ThirdParty:968 - CMSIS Pack Vendor :STMicroelectronics X-CUBE-SFXS2LP1 2.0.0
2021-02-02 17:08:05,715 [INFO] ThirdParty:968 - CMSIS Pack Vendor :STMicroelectronics MBEDTLS 2.14.1
2021-02-02 17:08:05,715 [INFO] ThirdParty:968 - CMSIS Pack Vendor :STMicroelectronics USB_DEVICE 2.0.0
2021-02-02 17:08:05,715 [INFO] ThirdParty:968 - CMSIS Pack Vendor :STMicroelectronics X-CUBE-MEMS1 8.1.1
2021-02-02 17:08:05,715 [INFO] ThirdParty:968 - CMSIS Pack Vendor :STMicroelectronics X-CUBE-MEMS1 8.2.0
2021-02-02 17:08:05,716 [INFO] ThirdParty:968 - CMSIS Pack Vendor :STMicroelectronics X-CUBE-EEPRMA1 3.0.0
2021-02-02 17:08:05,716 [INFO] ThirdParty:968 - CMSIS Pack Vendor :STMicroelectronics X-CUBE-MEMS1 8.0.0
2021-02-02 17:08:05,716 [INFO] ThirdParty:968 - CMSIS Pack Vendor :STMicroelectronics X-CUBE-DISPLAY 1.0.0
2021-02-02 17:08:05,716 [INFO] ThirdParty:968 - CMSIS Pack Vendor :STMicroelectronics X-CUBE-MEMS1 8.1.0
2021-02-02 17:08:05,716 [INFO] ThirdParty:968 - CMSIS Pack Vendor :STMicroelectronics FreeRTOS 0.0.1
2021-02-02 17:08:05,717 [INFO] ThirdParty:968 - CMSIS Pack Vendor :STMicroelectronics USB_DEVICE 1.0.0
2021-02-02 17:08:05,717 [INFO] ThirdParty:968 - CMSIS Pack Vendor :STMicroelectronics X-CUBE-BLE2 2.0.0
2021-02-02 17:08:05,718 [INFO] ThirdParty:968 - CMSIS Pack Vendor :STMicroelectronics X-CUBE-ALGOBUILD 1.1.0
2021-02-02 17:08:05,718 [INFO] ThirdParty:968 - CMSIS Pack Vendor :STMicroelectronics X-CUBE-GNSS1 5.0.0
2021-02-02 17:08:05,718 [INFO] ThirdParty:968 - CMSIS Pack Vendor :STMicroelectronics X-CUBE-GNSS1 5.1.0
2021-02-02 17:08:05,719 [INFO] ThirdParty:968 - CMSIS Pack Vendor :STMicroelectronics X-CUBE-SUBG2 2.0.0
2021-02-02 17:08:05,719 [INFO] ThirdParty:968 - CMSIS Pack Vendor :STMicroelectronics X-CUBE-BLE1 6.0.0
2021-02-02 17:08:05,719 [INFO] ThirdParty:968 - CMSIS Pack Vendor :STMicroelectronics X-CUBE-BLE1 6.1.0
2021-02-02 17:08:05,719 [INFO] ThirdParty:968 - CMSIS Pack Vendor :STMicroelectronics lwIP 2.0.3
2021-02-02 17:08:05,719 [INFO] ThirdParty:968 - CMSIS Pack Vendor :STMicroelectronics lwIP 2.1.2
2021-02-02 17:08:05,719 [INFO] ThirdParty:968 - CMSIS Pack Vendor :STMicroelectronics USB_HOST 1.0.0
2021-02-02 17:08:05,719 [INFO] ThirdParty:968 - CMSIS Pack Vendor :STMicroelectronics X-CUBE-TOUCHGFX 4.15.0
2021-02-02 17:08:05,720 [INFO] ThirdParty:968 - CMSIS Pack Vendor :STMicroelectronics X-CUBE-TOUCHGFX 4.14.0
2021-02-02 17:08:05,720 [INFO] ThirdParty:968 - CMSIS Pack Vendor :STMicroelectronics X-CUBE-AI 5.2.0
2021-02-02 17:08:05,720 [INFO] ThirdParty:968 - CMSIS Pack Vendor :STMicroelectronics X-CUBE-NFC4 2.0.1
2021-02-02 17:08:05,720 [INFO] ThirdParty:968 - CMSIS Pack Vendor :STMicroelectronics X-CUBE-AI 5.1.2
2021-02-02 17:08:05,720 [INFO] ThirdParty:968 - CMSIS Pack Vendor :STMicroelectronics X-CUBE-NFC4 2.0.0
2021-02-02 17:08:05,720 [INFO] ThirdParty:968 - CMSIS Pack Vendor :STMicroelectronics PDM2PCM 3.1.0
2021-02-02 17:08:05,721 [INFO] ThirdParty:968 - CMSIS Pack Vendor :STMicroelectronics X-CUBE-BLE2 3.0.0
2021-02-02 17:08:05,721 [INFO] ThirdParty:968 - CMSIS Pack Vendor :STMicroelectronics X-CUBE-TOUCHGFX 4.16.0
2021-02-02 17:08:05,721 [INFO] ThirdParty:968 - CMSIS Pack Vendor :STMicroelectronics PDM2PCM 3.2.0
2021-02-02 17:08:05,721 [INFO] ThirdParty:968 - CMSIS Pack Vendor :STMicroelectronics X-CUBE-BLE2 3.1.0
2021-02-02 17:08:05,721 [INFO] ThirdParty:968 - CMSIS Pack Vendor :STMicroelectronics PDM2PCM 3.3.0
2021-02-02 17:08:05,722 [INFO] ThirdParty:749 - exiting critical section [change project]
2021-02-02 17:08:06,919 [INFO] PinOutPanel:1418 - setPackage(No Configuration,No Configuration)
2021-02-02 17:08:06,922 [INFO] PinOutPanel:1418 - setPackage(STM32F072C8Tx,LQFP48)
2021-02-02 17:08:09,083 [INFO] UtilMem:74 - Before build in PCC Used Memory: 572578888 Bytes (801112064)
2021-02-02 17:08:09,925 [INFO] SharedServices:71 - Folder for power plug-in: C:/Users/Михаил/.stm32cubemx/plugins/power
2021-02-02 17:08:10,159 [INFO] SharedServices:71 - Folder for power plug-in: C:/Users/Михаил/.stm32cubemx/plugins/power
2021-02-02 17:08:10,277 [INFO] SharedServices:71 - Folder for power plug-in: C:/Users/Михаил/.stm32cubemx/plugins/power
2021-02-02 17:08:10,299 [INFO] SharedServices:71 - Folder for power plug-in: C:/Users/Михаил/.stm32cubemx/plugins/power
2021-02-02 17:08:10,640 [INFO] UtilMem:74 - After build in PCC Used Memory: 630250568 Bytes (801112064)
2021-02-02 17:08:10,693 [INFO] IPUIPlugin:64 - create IPUIPlugin
2021-02-02 17:08:10,693 [INFO] IPUIPlugin:64 - create IPUIPlugin
2021-02-02 17:08:10,694 [INFO] IPUIPlugin:64 - create IPUIPlugin
2021-02-02 17:08:10,694 [INFO] IPUIPlugin:64 - create IPUIPlugin
2021-02-02 17:08:10,695 [INFO] IPUIPlugin:64 - create IPUIPlugin
2021-02-02 17:08:10,695 [INFO] IPUIPlugin:64 - create IPUIPlugin
2021-02-02 17:08:10,695 [INFO] IPUIPlugin:64 - create IPUIPlugin
2021-02-02 17:08:10,696 [INFO] IPUIPlugin:64 - create IPUIPlugin
2021-02-02 17:08:10,696 [INFO] IPUIPlugin:64 - create IPUIPlugin
2021-02-02 17:08:10,697 [INFO] IPUIPlugin:64 - create IPUIPlugin
2021-02-02 17:08:10,697 [INFO] IPUIPlugin:64 - create IPUIPlugin
2021-02-02 17:08:10,698 [INFO] IPUIPlugin:64 - create IPUIPlugin
2021-02-02 17:08:10,698 [INFO] IPUIPlugin:64 - create IPUIPlugin
2021-02-02 17:08:10,698 [INFO] IPUIPlugin:64 - create IPUIPlugin
2021-02-02 17:08:10,699 [INFO] IPUIPlugin:64 - create IPUIPlugin
2021-02-02 17:08:10,702 [INFO] IPUIPlugin:64 - create IPUIPlugin
2021-02-02 17:08:10,702 [INFO] IPUIPlugin:64 - create IPUIPlugin
2021-02-02 17:08:10,703 [INFO] IPUIPlugin:64 - create IPUIPlugin
2021-02-02 17:08:10,703 [INFO] IPUIPlugin:64 - create IPUIPlugin
2021-02-02 17:08:10,703 [INFO] IPUIPlugin:64 - create IPUIPlugin
2021-02-02 17:08:10,704 [INFO] IPUIPlugin:64 - create IPUIPlugin
2021-02-02 17:08:10,704 [INFO] IPUIPlugin:64 - create IPUIPlugin
2021-02-02 17:08:10,704 [INFO] IPUIPlugin:64 - create IPUIPlugin
2021-02-02 17:08:10,705 [INFO] IPUIPlugin:64 - create IPUIPlugin
2021-02-02 17:08:10,705 [INFO] IPUIPlugin:64 - create IPUIPlugin
2021-02-02 17:08:10,705 [INFO] IPUIPlugin:64 - create IPUIPlugin
2021-02-02 17:08:10,706 [INFO] IPUIPlugin:64 - create IPUIPlugin
2021-02-02 17:08:10,706 [INFO] IPUIPlugin:64 - create IPUIPlugin
2021-02-02 17:08:10,706 [INFO] IPUIPlugin:64 - create IPUIPlugin
2021-02-02 17:08:10,707 [INFO] IPUIPlugin:64 - create IPUIPlugin
2021-02-02 17:08:10,707 [INFO] IPUIPlugin:64 - create IPUIPlugin
2021-02-02 17:08:10,707 [INFO] IPUIPlugin:64 - create IPUIPlugin
2021-02-02 17:08:10,708 [INFO] IPUIPlugin:64 - create IPUIPlugin
2021-02-02 17:08:10,708 [INFO] IPUIPlugin:64 - create IPUIPlugin
2021-02-02 17:08:10,708 [INFO] IPUIPlugin:64 - create IPUIPlugin
2021-02-02 17:08:10,709 [INFO] IPUIPlugin:64 - create IPUIPlugin
2021-02-02 17:08:10,709 [INFO] IPUIPlugin:64 - create IPUIPlugin
2021-02-02 17:08:10,710 [INFO] IPUIPlugin:64 - create IPUIPlugin
2021-02-02 17:08:10,710 [INFO] IPUIPlugin:64 - create IPUIPlugin
2021-02-02 17:08:10,710 [INFO] IPUIPlugin:64 - create IPUIPlugin
2021-02-02 17:08:10,711 [INFO] IPUIPlugin:64 - create IPUIPlugin
2021-02-02 17:08:10,768 [INFO] LogOutputStream:76 - [STDOUT_REDIRECT] toolchainItems.length=====1
2021-02-02 17:08:11,243 [INFO] OpenFileManager:294 - Restore cursor
2021-02-02 17:08:11,970 [INFO] UtilMem:74 - End SaveConfig() Used Memory: 693858616 Bytes (801112064)
2021-02-02 17:08:12,128 [INFO] UtilMem:74 - End SaveConfig() Used Memory: 700672320 Bytes (801112064)
2021-02-02 17:08:13,571 [INFO] BlockDiagram:2729 - set Specific Code input for plugin: NVIC
2021-02-02 17:08:13,572 [INFO] BlockDiagram:2729 - set Specific Code input for plugin: SYS
2021-02-02 17:08:13,572 [INFO] BlockDiagram:2729 - set Specific Code input for plugin: RCC
2021-02-02 17:08:13,574 [INFO] CodeGenerator:622 - code generatio: config db path: C:\ST\STM32CubeIDE_1.4.0\STM32CubeIDE\plugins\com.st.stm32cube.common.mx_6.0.1.202008101643\\db\
2021-02-02 17:08:14,660 [INFO] CodeEngine:188 - oldGeneratedFile, C:\Video\GPIO\GPIO_1\MXTmpFiles\license.tmp_save
2021-02-02 17:08:15,819 [INFO] CodeEngine:206 - Generated code: C:\Video\GPIO\GPIO_1\MXTmpFiles\license.tmp
2021-02-02 17:08:16,024 [INFO] CodeEngine:188 - oldGeneratedFile, C:\Video\GPIO\GPIO_1\Core\Src\stm32f0xx_it.c_save
2021-02-02 17:08:17,262 [INFO] CodeEngine:206 - Generated code: C:\Video\GPIO\GPIO_1\Core\Src\stm32f0xx_it.c
2021-02-02 17:08:17,278 [INFO] CodeEngine:188 - oldGeneratedFile, C:\Video\GPIO\GPIO_1\Core\Inc\stm32f0xx_it.h_save
2021-02-02 17:08:17,491 [INFO] CodeEngine:206 - Generated code: C:\Video\GPIO\GPIO_1\Core\Inc\stm32f0xx_it.h
2021-02-02 17:08:17,513 [INFO] CodeEngine:188 - oldGeneratedFile, C:\Video\GPIO\GPIO_1\Core\Src\stm32f0xx_hal_msp.c_save
2021-02-02 17:08:17,794 [INFO] CodeEngine:206 - Generated code: C:\Video\GPIO\GPIO_1\Core\Src\stm32f0xx_hal_msp.c
2021-02-02 17:08:17,804 [INFO] CodeEngine:188 - oldGeneratedFile, C:\Video\GPIO\GPIO_1\MXTmpFiles\system.tmp_save
2021-02-02 17:08:17,954 [INFO] CodeEngine:206 - Generated code: C:\Video\GPIO\GPIO_1\MXTmpFiles\system.tmp
2021-02-02 17:08:17,963 [INFO] CodeEngine:188 - oldGeneratedFile, C:\Video\GPIO\GPIO_1\Core\Inc\stm32f0xx_hal_conf.h_save
2021-02-02 17:08:18,140 [INFO] CodeEngine:206 - Generated code: C:\Video\GPIO\GPIO_1\Core\Inc\stm32f0xx_hal_conf.h
2021-02-02 17:08:18,249 [INFO] CodeEngine:188 - oldGeneratedFile, C:\Video\GPIO\GPIO_1\Core\Inc\main.h_save
2021-02-02 17:08:18,519 [INFO] CodeEngine:206 - Generated code: C:\Video\GPIO\GPIO_1\Core\Inc\main.h
2021-02-02 17:08:18,529 [INFO] CodeEngine:188 - oldGeneratedFile, C:\Video\GPIO\GPIO_1\Core\Src\main.c_save
2021-02-02 17:08:18,919 [INFO] CodeEngine:206 - Generated code: C:\Video\GPIO\GPIO_1\Core\Src\main.c
2021-02-02 17:08:22,008 [INFO] ProjectBuilder:2168 - Time for Copy HAL[1] : 88mS.
2021-02-02 17:08:22,019 [INFO] ProjectBuilder:2988 - Project Generator version: 3.10.0-B14
2021-02-02 17:08:23,730 [INFO] ConfigFileManager:1183 - The Die is : DIE448
2021-02-02 17:08:23,747 [INFO] ApiDbMcu:456 - Load IP Config File for FATFS
2021-02-02 17:08:23,795 [INFO] ApiDbMcu:456 - Load IP Config File for FREERTOS
2021-02-02 17:08:23,826 [INFO] ApiDbMcu:456 - Load IP Config File for TOUCHSENSING
2021-02-02 17:08:23,864 [INFO] ApiDbMcu:456 - Load IP Config File for USB_DEVICE
2021-02-02 17:08:42,249 [ERROR] root:96 - SUCCESS
2021-02-02 17:08:42,392 [INFO] ProjectBuilder:3155 - Time for Generating toolchain IDE Files: 20373mS.
2021-02-02 17:08:42,393 [INFO] ProjectBuilder:2044 - Time for Copy CMSIS : 0mS.
2021-02-02 17:08:42,396 [INFO] ProjectBuilder:2044 - Time for Copy CMSIS : 0mS.
2021-02-02 17:08:47,118 [INFO] ApiDb:226 - Save user favorites file C:\Users\Михаил/.stm32cubeide/favorites.mcus.txt: 0 item(s)
2021-02-02 17:08:47,120 [INFO] ApiDb:230 - User favorites MCUs=[]
2021-02-02 17:09:17,464 [INFO] UtilMem:74 - End SaveConfig() Used Memory: 817652832 Bytes (1061158912)
2021-02-02 17:09:21,520 [INFO] UtilMem:74 - End SaveConfig() Used Memory: 469069040 Bytes (1064304640)
2021-02-02 17:09:21,986 [INFO] BlockDiagram:2729 - set Specific Code input for plugin: NVIC
2021-02-02 17:09:21,987 [INFO] BlockDiagram:2729 - set Specific Code input for plugin: SYS
2021-02-02 17:09:21,987 [INFO] BlockDiagram:2729 - set Specific Code input for plugin: GPIO
2021-02-02 17:09:21,987 [INFO] BlockDiagram:2729 - set Specific Code input for plugin: RCC
2021-02-02 17:09:21,988 [INFO] CodeGenerator:622 - code generatio: config db path: C:\ST\STM32CubeIDE_1.4.0\STM32CubeIDE\plugins\com.st.stm32cube.common.mx_6.0.1.202008101643\\db\
2021-02-02 17:09:22,583 [INFO] CodeEngine:188 - oldGeneratedFile, C:\Video\GPIO\GPIO_1\MXTmpFiles\license.tmp_save
2021-02-02 17:09:22,729 [INFO] CodeEngine:206 - Generated code: C:\Video\GPIO\GPIO_1\MXTmpFiles\license.tmp
2021-02-02 17:09:22,853 [INFO] CodeEngine:188 - oldGeneratedFile, C:\Video\GPIO\GPIO_1\MXTmpFiles\gpio.tmp_save
2021-02-02 17:09:23,092 [INFO] CodeEngine:206 - Generated code: C:\Video\GPIO\GPIO_1\MXTmpFiles\gpio.tmp
2021-02-02 17:09:23,145 [INFO] CodeEngine:188 - oldGeneratedFile, C:\Video\GPIO\GPIO_1\Core\Src\stm32f0xx_it.c_save
2021-02-02 17:09:23,327 [INFO] CodeEngine:206 - Generated code: C:\Video\GPIO\GPIO_1\Core\Src\stm32f0xx_it.c
2021-02-02 17:09:23,338 [INFO] CodeEngine:188 - oldGeneratedFile, C:\Video\GPIO\GPIO_1\Core\Inc\stm32f0xx_it.h_save
2021-02-02 17:09:23,469 [INFO] CodeEngine:206 - Generated code: C:\Video\GPIO\GPIO_1\Core\Inc\stm32f0xx_it.h
2021-02-02 17:09:23,485 [INFO] CodeEngine:188 - oldGeneratedFile, C:\Video\GPIO\GPIO_1\Core\Src\stm32f0xx_hal_msp.c_save
2021-02-02 17:09:23,721 [INFO] CodeEngine:206 - Generated code: C:\Video\GPIO\GPIO_1\Core\Src\stm32f0xx_hal_msp.c
2021-02-02 17:09:23,731 [INFO] CodeEngine:188 - oldGeneratedFile, C:\Video\GPIO\GPIO_1\MXTmpFiles\system.tmp_save
2021-02-02 17:09:23,884 [INFO] CodeEngine:206 - Generated code: C:\Video\GPIO\GPIO_1\MXTmpFiles\system.tmp
2021-02-02 17:09:23,895 [INFO] CodeEngine:188 - oldGeneratedFile, C:\Video\GPIO\GPIO_1\Core\Inc\stm32f0xx_hal_conf.h_save
2021-02-02 17:09:24,046 [INFO] CodeEngine:206 - Generated code: C:\Video\GPIO\GPIO_1\Core\Inc\stm32f0xx_hal_conf.h
2021-02-02 17:09:24,084 [WARN] IPConfigManager:2884 - IP not found : gpio
2021-02-02 17:09:24,085 [WARN] CodeGenerator:2866 - IP not found : gpio
2021-02-02 17:09:24,107 [INFO] CodeEngine:188 - oldGeneratedFile, C:\Video\GPIO\GPIO_1\Core\Inc\main.h_save
2021-02-02 17:09:24,253 [INFO] CodeEngine:206 - Generated code: C:\Video\GPIO\GPIO_1\Core\Inc\main.h
2021-02-02 17:09:24,265 [INFO] CodeEngine:188 - oldGeneratedFile, C:\Video\GPIO\GPIO_1\Core\Src\main.c_save
2021-02-02 17:09:24,469 [INFO] CodeEngine:206 - Generated code: C:\Video\GPIO\GPIO_1\Core\Src\main.c
2021-02-02 17:09:25,869 [INFO] ProjectBuilder:2168 - Time for Copy HAL[1] : 94mS.
2021-02-02 17:09:25,878 [INFO] ProjectBuilder:2988 - Project Generator version: 3.10.0-B14
2021-02-02 17:09:29,269 [INFO] ConfigFileManager:1183 - The Die is : DIE448
2021-02-02 17:09:35,902 [INFO] ProjectBuilder:3155 - Time for Generating toolchain IDE Files: 10024mS.
2021-02-02 17:09:35,903 [INFO] ProjectBuilder:2044 - Time for Copy CMSIS : 1mS.
2021-02-02 17:09:35,905 [INFO] ProjectBuilder:2044 - Time for Copy CMSIS : 0mS.
2021-02-02 17:11:05,337 [INFO] Activator:178 - 


2021-02-02 17:11:05,344 [INFO] Activator:179 - !SESSION log4j initialized
2021-02-02 17:11:21,659 [INFO] RetryExec:97 - I/O exception (org.apache.http.NoHttpResponseException) caught when processing request to {s}->https://download.eclipse.org:443: The target server failed to respond
2021-02-02 17:11:21,665 [INFO] RetryExec:113 - Retrying request to {s}->https://download.eclipse.org:443
2021-02-02 17:11:27,209 [INFO] RetryExec:97 - I/O exception (java.net.SocketException) caught when processing request to {}->http://sw-center.st.com:80: Socket Closed
2021-02-02 17:11:27,211 [INFO] RetryExec:113 - Retrying request to {}->http://sw-center.st.com:80
2021-02-02 17:12:18,784 [INFO] Activator:178 - 


2021-02-02 17:12:18,790 [INFO] Activator:179 - !SESSION log4j initialized
